This file contains any messages produced by compilers while
running configure, to aid debugging if configure makes a mistake.

It was created by pinentry configure 0.7.4, which was
generated by GNU Autoconf 2.61.  Invocation command line was

  $ ./configure --enable-m-guard --enable-noexecstack --disable-dependency-tracking --with-included-gettext --with-libintl-prefix=/usr/local --with-libusb=/usr/local --disable-endian-check --with-readline=/usr/local

## --------- ##
## Platform. ##
## --------- ##

hostname = isaac.local
uname -m = Power Macintosh
uname -r = 8.11.0
uname -s = Darwin
uname -v = Darwin Kernel Version 8.11.0: Wed Oct 10 18:26:00 PDT 2007; root:xnu-792.24.17~1/RELEASE_PPC

/usr/bin/uname -p = powerpc
/bin/uname -X     = unknown

/bin/arch              = unknown
/usr/bin/arch -k       = unknown
/usr/convex/getsysinfo = unknown
/usr/bin/hostinfo      = Mach kernel version:
	 Darwin Kernel Version 8.11.0: Wed Oct 10 18:26:00 PDT 2007; root:xnu-792.24.17~1/RELEASE_PPC
Kernel configured for a single processor only.
1 processor is physically available.
Processor type: ppc7450 (PowerPC 7450)
Processor active: 0
Primary memory available: 1.50 gigabytes
Default processor set: 69 tasks, 241 threads, 1 processors
Load average: 3.15, Mach factor: 0.25
/bin/machine           = unknown
/usr/bin/oslevel       = unknown
/bin/universe          = unknown

PATH: /opt/local/bin
PATH: /opt/local/sbin
PATH: /sw/bin
PATH: /sw/sbin
PATH: /bin
PATH: /sbin
PATH: /usr/bin
PATH: /usr/local/bin
PATH: /usr/sbin
PATH: /usr/X11R6/bin


## ----------- ##
## Core tests. ##
## ----------- ##

configure:1912: checking for a BSD-compatible install
configure:1968: result: /usr/bin/install -c
configure:1979: checking whether build environment is sane
configure:2022: result: yes
configure:2050: checking for a thread-safe mkdir -p
configure:2089: result: ./install-sh -c -d
configure:2102: checking for gawk
configure:2132: result: no
configure:2102: checking for mawk
configure:2132: result: no
configure:2102: checking for nawk
configure:2132: result: no
configure:2102: checking for awk
configure:2118: found /usr/bin/awk
configure:2129: result: awk
configure:2140: checking whether make sets $(MAKE)
configure:2161: result: yes
configure:2357: checking whether to enable maintainer-specific portions of Makefiles
configure:2366: result: no
configure:2386: checking build system type
configure:2404: result: powerpc-apple-darwin8.11.0
configure:2426: checking host system type
configure:2441: result: powerpc-apple-darwin8.11.0
configure:2528: checking for gcc
configure:2544: found /usr/bin/gcc
configure:2555: result: gcc
configure:2793: checking for C compiler version
configure:2800: gcc --version >&5
powerpc-apple-darwin8-gcc-4.0.1 (GCC) 4.0.1 (Apple Computer, Inc. build 5250)
Copyright (C) 2005 Free Software Foundation, Inc.
This is free software; see the source for copying conditions.  There is NO
warranty; not even for MERCHANTABILITY or FITNESS FOR A PARTICULAR PURPOSE.

configure:2803: $? = 0
configure:2810: gcc -v >&5
Using built-in specs.
Target: powerpc-apple-darwin8
Configured with: /private/var/tmp/gcc/gcc-5250.obj~12/src/configure --disable-checking -enable-werror --prefix=/usr --mandir=/share/man --enable-languages=c,objc,c++,obj-c++ --program-transform-name=/^[cg][^.-]*$/s/$/-4.0/ --with-gxx-include-dir=/include/c++/4.0.0 --build=powerpc-apple-darwin8 --host=powerpc-apple-darwin8 --target=powerpc-apple-darwin8
Thread model: posix
gcc version 4.0.1 (Apple Computer, Inc. build 5250)
configure:2813: $? = 0
configure:2820: gcc -V >&5
gcc: argument to `-V' is missing
configure:2823: $? = 1
configure:2846: checking for C compiler default output file name
configure:2873: gcc -isysroot /Developer/SDKs/MacOSX10.4u.sdk -arch i386 -arch ppc -I/usr/local/include  -L/usr/local/lib -lusb -Wl,-framework -Wl,IOKit -Wl,-framework -Wl,CoreFoundation -Wl,-prebind -ltermcap conftest.c  >&5
/usr/bin/ld: for architecture i386
/usr/bin/ld: warning -prebind ignored because MACOSX_DEPLOYMENT_TARGET environment variable greater or equal to 10.4
configure:2876: $? = 0
configure:2914: result: a.out
configure:2931: checking whether the C compiler works
configure:2941: ./a.out
configure:2944: $? = 0
configure:2961: result: yes
configure:2968: checking whether we are cross compiling
configure:2970: result: no
configure:2973: checking for suffix of executables
configure:2980: gcc -o conftest -isysroot /Developer/SDKs/MacOSX10.4u.sdk -arch i386 -arch ppc -I/usr/local/include  -L/usr/local/lib -lusb -Wl,-framework -Wl,IOKit -Wl,-framework -Wl,CoreFoundation -Wl,-prebind -ltermcap conftest.c  >&5
/usr/bin/ld: for architecture i386
/usr/bin/ld: warning -prebind ignored because MACOSX_DEPLOYMENT_TARGET environment variable greater or equal to 10.4
configure:2983: $? = 0
configure:3007: result: 
configure:3013: checking for suffix of object files
configure:3039: gcc -c -isysroot /Developer/SDKs/MacOSX10.4u.sdk -arch i386 -arch ppc -I/usr/local/include  conftest.c >&5
configure:3042: $? = 0
configure:3065: result: o
configure:3069: checking whether we are using the GNU C compiler
configure:3098: gcc -c -isysroot /Developer/SDKs/MacOSX10.4u.sdk -arch i386 -arch ppc -I/usr/local/include  conftest.c >&5
configure:3104: $? = 0
configure:3121: result: yes
configure:3126: checking whether gcc accepts -g
configure:3156: gcc -c -g  conftest.c >&5
configure:3162: $? = 0
configure:3261: result: yes
configure:3278: checking for gcc option to accept ISO C89
configure:3352: gcc  -c -isysroot /Developer/SDKs/MacOSX10.4u.sdk -arch i386 -arch ppc -I/usr/local/include  conftest.c >&5
configure:3358: $? = 0
configure:3381: result: none needed
configure:3410: checking for style of include used by make
configure:3438: result: GNU
configure:3463: checking dependency style of gcc
configure:3554: result: none
configure:3574: checking how to run the C preprocessor
configure:3614: gcc -E  conftest.c
configure:3620: $? = 0
configure:3651: gcc -E  conftest.c
conftest.c:11:28: error: ac_nonexistent.h: No such file or directory
configure:3657: $? = 1
configure: failed program was:
| /* confdefs.h.  */
| #define PACKAGE_NAME "pinentry"
| #define PACKAGE_TARNAME "pinentry"
| #define PACKAGE_VERSION "0.7.4"
| #define PACKAGE_STRING "pinentry 0.7.4"
| #define PACKAGE_BUGREPORT "gnupg-devel@gnupg.org"
| #define PACKAGE "pinentry"
| #define VERSION "0.7.4"
| #define _GNU_SOURCE 1
| /* end confdefs.h.  */
| #include <ac_nonexistent.h>
configure:3690: result: gcc -E
configure:3719: gcc -E  conftest.c
configure:3725: $? = 0
configure:3756: gcc -E  conftest.c
conftest.c:11:28: error: ac_nonexistent.h: No such file or directory
configure:3762: $? = 1
configure: failed program was:
| /* confdefs.h.  */
| #define PACKAGE_NAME "pinentry"
| #define PACKAGE_TARNAME "pinentry"
| #define PACKAGE_VERSION "0.7.4"
| #define PACKAGE_STRING "pinentry 0.7.4"
| #define PACKAGE_BUGREPORT "gnupg-devel@gnupg.org"
| #define PACKAGE "pinentry"
| #define VERSION "0.7.4"
| #define _GNU_SOURCE 1
| /* end confdefs.h.  */
| #include <ac_nonexistent.h>
configure:3812: checking for a BSD-compatible install
configure:3868: result: /usr/bin/install -c
configure:3922: checking for ranlib
configure:3938: found /usr/bin/ranlib
configure:3949: result: ranlib
configure:4035: checking for g++
configure:4051: found /usr/bin/g++
configure:4062: result: g++
configure:4093: checking for C++ compiler version
configure:4100: g++ --version >&5
powerpc-apple-darwin8-g++-4.0.1 (GCC) 4.0.1 (Apple Computer, Inc. build 5250)
Copyright (C) 2005 Free Software Foundation, Inc.
This is free software; see the source for copying conditions.  There is NO
warranty; not even for MERCHANTABILITY or FITNESS FOR A PARTICULAR PURPOSE.

configure:4103: $? = 0
configure:4110: g++ -v >&5
Using built-in specs.
Target: powerpc-apple-darwin8
Configured with: /private/var/tmp/gcc/gcc-5250.obj~12/src/configure --disable-checking -enable-werror --prefix=/usr --mandir=/share/man --enable-languages=c,objc,c++,obj-c++ --program-transform-name=/^[cg][^.-]*$/s/$/-4.0/ --with-gxx-include-dir=/include/c++/4.0.0 --build=powerpc-apple-darwin8 --host=powerpc-apple-darwin8 --target=powerpc-apple-darwin8
Thread model: posix
gcc version 4.0.1 (Apple Computer, Inc. build 5250)
configure:4113: $? = 0
configure:4120: g++ -V >&5
g++: argument to `-V' is missing
configure:4123: $? = 1
configure:4126: checking whether we are using the GNU C++ compiler
configure:4155: g++ -c   conftest.cpp >&5
configure:4161: $? = 0
configure:4178: result: yes
configure:4183: checking whether g++ accepts -g
configure:4213: g++ -c -g  conftest.cpp >&5
configure:4219: $? = 0
configure:4318: result: yes
configure:4343: checking dependency style of g++
configure:4434: result: none
configure:4449: checking whether ln -s works
configure:4453: result: yes
configure:4503: checking for windres
configure:4533: result: no
configure:4638: checking for grep that handles long lines and -e
configure:4712: result: /usr/bin/grep
configure:4717: checking for egrep
configure:4795: result: /usr/bin/grep -E
configure:4800: checking for ANSI C header files
configure:4830: gcc -c -isysroot /Developer/SDKs/MacOSX10.4u.sdk -arch i386 -arch ppc -I/usr/local/include -Wall -Wcast-align -Wshadow -Wstrict-prototypes  -Wall conftest.c >&5
conftest.c:18: warning: function declaration isn't a prototype
conftest.c:18: warning: function declaration isn't a prototype
configure:4836: $? = 0
configure:4932: gcc -o conftest -isysroot /Developer/SDKs/MacOSX10.4u.sdk -arch i386 -arch ppc -I/usr/local/include -Wall -Wcast-align -Wshadow -Wstrict-prototypes  -Wall -L/usr/local/lib -lusb -Wl,-framework -Wl,IOKit -Wl,-framework -Wl,CoreFoundation -Wl,-prebind -ltermcap conftest.c  >&5
conftest.c:24: warning: function declaration isn't a prototype
conftest.c:24: warning: function declaration isn't a prototype
/usr/bin/ld: for architecture i386
/usr/bin/ld: warning -prebind ignored because MACOSX_DEPLOYMENT_TARGET environment variable greater or equal to 10.4
configure:4935: $? = 0
configure:4941: ./conftest
configure:4944: $? = 0
configure:4961: result: yes
configure:4985: checking for sys/types.h
configure:5006: gcc -c -isysroot /Developer/SDKs/MacOSX10.4u.sdk -arch i386 -arch ppc -I/usr/local/include -Wall -Wcast-align -Wshadow -Wstrict-prototypes  -Wall conftest.c >&5
configure:5012: $? = 0
configure:5028: result: yes
configure:4985: checking for sys/stat.h
configure:5006: gcc -c -isysroot /Developer/SDKs/MacOSX10.4u.sdk -arch i386 -arch ppc -I/usr/local/include -Wall -Wcast-align -Wshadow -Wstrict-prototypes  -Wall conftest.c >&5
configure:5012: $? = 0
configure:5028: result: yes
configure:4985: checking for stdlib.h
configure:5006: gcc -c -isysroot /Developer/SDKs/MacOSX10.4u.sdk -arch i386 -arch ppc -I/usr/local/include -Wall -Wcast-align -Wshadow -Wstrict-prototypes  -Wall conftest.c >&5
configure:5012: $? = 0
configure:5028: result: yes
configure:4985: checking for string.h
configure:5006: gcc -c -isysroot /Developer/SDKs/MacOSX10.4u.sdk -arch i386 -arch ppc -I/usr/local/include -Wall -Wcast-align -Wshadow -Wstrict-prototypes  -Wall conftest.c >&5
configure:5012: $? = 0
configure:5028: result: yes
configure:4985: checking for memory.h
configure:5006: gcc -c -isysroot /Developer/SDKs/MacOSX10.4u.sdk -arch i386 -arch ppc -I/usr/local/include -Wall -Wcast-align -Wshadow -Wstrict-prototypes  -Wall conftest.c >&5
configure:5012: $? = 0
configure:5028: result: yes
configure:4985: checking for strings.h
configure:5006: gcc -c -isysroot /Developer/SDKs/MacOSX10.4u.sdk -arch i386 -arch ppc -I/usr/local/include -Wall -Wcast-align -Wshadow -Wstrict-prototypes  -Wall conftest.c >&5
configure:5012: $? = 0
configure:5028: result: yes
configure:4985: checking for inttypes.h
configure:5006: gcc -c -isysroot /Developer/SDKs/MacOSX10.4u.sdk -arch i386 -arch ppc -I/usr/local/include -Wall -Wcast-align -Wshadow -Wstrict-prototypes  -Wall conftest.c >&5
configure:5012: $? = 0
configure:5028: result: yes
configure:4985: checking for stdint.h
configure:5006: gcc -c -isysroot /Developer/SDKs/MacOSX10.4u.sdk -arch i386 -arch ppc -I/usr/local/include -Wall -Wcast-align -Wshadow -Wstrict-prototypes  -Wall conftest.c >&5
configure:5012: $? = 0
configure:5028: result: yes
configure:4985: checking for unistd.h
configure:5006: gcc -c -isysroot /Developer/SDKs/MacOSX10.4u.sdk -arch i386 -arch ppc -I/usr/local/include -Wall -Wcast-align -Wshadow -Wstrict-prototypes  -Wall conftest.c >&5
configure:5012: $? = 0
configure:5028: result: yes
configure:5050: checking for string.h
configure:5056: result: yes
configure:5050: checking for unistd.h
configure:5056: result: yes
configure:5060: checking langinfo.h usability
configure:5077: gcc -c -isysroot /Developer/SDKs/MacOSX10.4u.sdk -arch i386 -arch ppc -I/usr/local/include -Wall -Wcast-align -Wshadow -Wstrict-prototypes  -Wall conftest.c >&5
configure:5083: $? = 0
configure:5097: result: yes
configure:5101: checking langinfo.h presence
configure:5116: gcc -E  -Wall conftest.c
configure:5122: $? = 0
configure:5136: result: yes
configure:5169: checking for langinfo.h
configure:5177: result: yes
configure:5060: checking termio.h usability
configure:5077: gcc -c -isysroot /Developer/SDKs/MacOSX10.4u.sdk -arch i386 -arch ppc -I/usr/local/include -Wall -Wcast-align -Wshadow -Wstrict-prototypes  -Wall conftest.c >&5
conftest.c:57:20: error: termio.h: No such file or directory
conftest.c:57:20: error: termio.h: No such file or directory
lipo: can't figure out the architecture type of: /var/tmp//cc1dNqn1.out
configure:5083: $? = 1
configure: failed program was:
| /* confdefs.h.  */
| #define PACKAGE_NAME "pinentry"
| #define PACKAGE_TARNAME "pinentry"
| #define PACKAGE_VERSION "0.7.4"
| #define PACKAGE_STRING "pinentry 0.7.4"
| #define PACKAGE_BUGREPORT "gnupg-devel@gnupg.org"
| #define PACKAGE "pinentry"
| #define VERSION "0.7.4"
| #define _GNU_SOURCE 1
| #define STDC_HEADERS 1
| #define HAVE_SYS_TYPES_H 1
| #define HAVE_SYS_STAT_H 1
| #define HAVE_STDLIB_H 1
| #define HAVE_STRING_H 1
| #define HAVE_MEMORY_H 1
| #define HAVE_STRINGS_H 1
| #define HAVE_INTTYPES_H 1
| #define HAVE_STDINT_H 1
| #define HAVE_UNISTD_H 1
| #define HAVE_STRING_H 1
| #define HAVE_UNISTD_H 1
| #define HAVE_LANGINFO_H 1
| /* end confdefs.h.  */
| #include <stdio.h>
| #ifdef HAVE_SYS_TYPES_H
| # include <sys/types.h>
| #endif
| #ifdef HAVE_SYS_STAT_H
| # include <sys/stat.h>
| #endif
| #ifdef STDC_HEADERS
| # include <stdlib.h>
| # include <stddef.h>
| #else
| # ifdef HAVE_STDLIB_H
| #  include <stdlib.h>
| # endif
| #endif
| #ifdef HAVE_STRING_H
| # if !defined STDC_HEADERS && defined HAVE_MEMORY_H
| #  include <memory.h>
| # endif
| # include <string.h>
| #endif
| #ifdef HAVE_STRINGS_H
| # include <strings.h>
| #endif
| #ifdef HAVE_INTTYPES_H
| # include <inttypes.h>
| #endif
| #ifdef HAVE_STDINT_H
| # include <stdint.h>
| #endif
| #ifdef HAVE_UNISTD_H
| # include <unistd.h>
| #endif
| #include <termio.h>
configure:5097: result: no
configure:5101: checking termio.h presence
configure:5116: gcc -E  -Wall conftest.c
conftest.c:24:20: error: termio.h: No such file or directory
configure:5122: $? = 1
configure: failed program was:
| /* confdefs.h.  */
| #define PACKAGE_NAME "pinentry"
| #define PACKAGE_TARNAME "pinentry"
| #define PACKAGE_VERSION "0.7.4"
| #define PACKAGE_STRING "pinentry 0.7.4"
| #define PACKAGE_BUGREPORT "gnupg-devel@gnupg.org"
| #define PACKAGE "pinentry"
| #define VERSION "0.7.4"
| #define _GNU_SOURCE 1
| #define STDC_HEADERS 1
| #define HAVE_SYS_TYPES_H 1
| #define HAVE_SYS_STAT_H 1
| #define HAVE_STDLIB_H 1
| #define HAVE_STRING_H 1
| #define HAVE_MEMORY_H 1
| #define HAVE_STRINGS_H 1
| #define HAVE_INTTYPES_H 1
| #define HAVE_STDINT_H 1
| #define HAVE_UNISTD_H 1
| #define HAVE_STRING_H 1
| #define HAVE_UNISTD_H 1
| #define HAVE_LANGINFO_H 1
| /* end confdefs.h.  */
| #include <termio.h>
configure:5136: result: no
configure:5169: checking for termio.h
configure:5177: result: no
configure:5060: checking locale.h usability
configure:5077: gcc -c -isysroot /Developer/SDKs/MacOSX10.4u.sdk -arch i386 -arch ppc -I/usr/local/include -Wall -Wcast-align -Wshadow -Wstrict-prototypes  -Wall conftest.c >&5
configure:5083: $? = 0
configure:5097: result: yes
configure:5101: checking locale.h presence
configure:5116: gcc -E  -Wall conftest.c
configure:5122: $? = 0
configure:5136: result: yes
configure:5169: checking for locale.h
configure:5177: result: yes
configure:5060: checking utime.h usability
configure:5077: gcc -c -isysroot /Developer/SDKs/MacOSX10.4u.sdk -arch i386 -arch ppc -I/usr/local/include -Wall -Wcast-align -Wshadow -Wstrict-prototypes  -Wall conftest.c >&5
configure:5083: $? = 0
configure:5097: result: yes
configure:5101: checking utime.h presence
configure:5116: gcc -E  -Wall conftest.c
configure:5122: $? = 0
configure:5136: result: yes
configure:5169: checking for utime.h
configure:5177: result: yes
configure:5197: checking for seteuid
configure:5253: gcc -o conftest -isysroot /Developer/SDKs/MacOSX10.4u.sdk -arch i386 -arch ppc -I/usr/local/include -Wall -Wcast-align -Wshadow -Wstrict-prototypes  -Wall -L/usr/local/lib -lusb -Wl,-framework -Wl,IOKit -Wl,-framework -Wl,CoreFoundation -Wl,-prebind -ltermcap conftest.c  >&5
conftest.c:49: warning: function declaration isn't a prototype
conftest.c:59: warning: function declaration isn't a prototype
conftest.c:49: warning: function declaration isn't a prototype
conftest.c:59: warning: function declaration isn't a prototype
/usr/bin/ld: for architecture i386
/usr/bin/ld: warning -prebind ignored because MACOSX_DEPLOYMENT_TARGET environment variable greater or equal to 10.4
configure:5259: $? = 0
configure:5277: result: yes
configure:5197: checking for stpcpy
configure:5253: gcc -o conftest -isysroot /Developer/SDKs/MacOSX10.4u.sdk -arch i386 -arch ppc -I/usr/local/include -Wall -Wcast-align -Wshadow -Wstrict-prototypes  -Wall -L/usr/local/lib -lusb -Wl,-framework -Wl,IOKit -Wl,-framework -Wl,CoreFoundation -Wl,-prebind -ltermcap conftest.c  >&5
conftest.c:50: warning: function declaration isn't a prototype
conftest.c:50: warning: conflicting types for built-in function 'stpcpy'
conftest.c:60: warning: function declaration isn't a prototype
conftest.c:50: warning: function declaration isn't a prototype
conftest.c:50: warning: conflicting types for built-in function 'stpcpy'
conftest.c:60: warning: function declaration isn't a prototype
/usr/bin/ld: for architecture i386
/usr/bin/ld: warning -prebind ignored because MACOSX_DEPLOYMENT_TARGET environment variable greater or equal to 10.4
configure:5259: $? = 0
configure:5277: result: yes
configure:5197: checking for mmap
configure:5253: gcc -o conftest -isysroot /Developer/SDKs/MacOSX10.4u.sdk -arch i386 -arch ppc -I/usr/local/include -Wall -Wcast-align -Wshadow -Wstrict-prototypes  -Wall -L/usr/local/lib -lusb -Wl,-framework -Wl,IOKit -Wl,-framework -Wl,CoreFoundation -Wl,-prebind -ltermcap conftest.c  >&5
conftest.c:51: warning: function declaration isn't a prototype
conftest.c:51: warning: function declaration isn't a prototype
conftest.c:61: warning: function declaration isn't a prototype
conftest.c:61: warning: function declaration isn't a prototype
/usr/bin/ld: for architecture i386
/usr/bin/ld: warning -prebind ignored because MACOSX_DEPLOYMENT_TARGET environment variable greater or equal to 10.4
configure:5259: $? = 0
configure:5277: result: yes
configure:5291: checking for mlock
configure:5347: gcc -o conftest -isysroot /Developer/SDKs/MacOSX10.4u.sdk -arch i386 -arch ppc -I/usr/local/include -Wall -Wcast-align -Wshadow -Wstrict-prototypes  -Wall -L/usr/local/lib -lusb -Wl,-framework -Wl,IOKit -Wl,-framework -Wl,CoreFoundation -Wl,-prebind -ltermcap conftest.c  >&5
conftest.c:52: warning: function declaration isn't a prototype
conftest.c:62: warning: function declaration isn't a prototype
conftest.c:52: warning: function declaration isn't a prototype
conftest.c:62: warning: function declaration isn't a prototype
/usr/bin/ld: for architecture i386
/usr/bin/ld: warning -prebind ignored because MACOSX_DEPLOYMENT_TARGET environment variable greater or equal to 10.4
configure:5353: $? = 0
configure:5371: result: yes
configure:5679: checking whether mlock is broken
configure:5728: gcc -o conftest -isysroot /Developer/SDKs/MacOSX10.4u.sdk -arch i386 -arch ppc -I/usr/local/include -Wall -Wcast-align -Wshadow -Wstrict-prototypes  -Wall -L/usr/local/lib -lusb -Wl,-framework -Wl,IOKit -Wl,-framework -Wl,CoreFoundation -Wl,-prebind -ltermcap conftest.c  >&5
conftest.c:39: warning: function declaration isn't a prototype
conftest.c:39: warning: function declaration isn't a prototype
/usr/bin/ld: for architecture i386
/usr/bin/ld: warning -prebind ignored because MACOSX_DEPLOYMENT_TARGET environment variable greater or equal to 10.4
configure:5731: $? = 0
configure:5737: ./conftest
configure:5740: $? = 0
configure:5862: result: no
configure:5874: checking for byte typedef
configure:5905: gcc -c -isysroot /Developer/SDKs/MacOSX10.4u.sdk -arch i386 -arch ppc -I/usr/local/include -Wall -Wcast-align -Wshadow -Wstrict-prototypes  -Wall conftest.c >&5
conftest.c:35: warning: function declaration isn't a prototype
conftest.c: In function 'main':
conftest.c:38: error: 'byte' undeclared (first use in this function)
conftest.c:38: error: (Each undeclared identifier is reported only once
conftest.c:38: error: for each function it appears in.)
conftest.c:38: warning: unused variable 'a'
conftest.c:35: warning: function declaration isn't a prototype
conftest.c: In function 'main':
conftest.c:38: error: 'byte' undeclared (first use in this function)
conftest.c:38: error: (Each undeclared identifier is reported only once
conftest.c:38: error: for each function it appears in.)
conftest.c:38: warning: unused variable 'a'
lipo: can't figure out the architecture type of: /var/tmp//ccXecEQp.out
configure:5911: $? = 1
configure: failed program was:
| /* confdefs.h.  */
| #define PACKAGE_NAME "pinentry"
| #define PACKAGE_TARNAME "pinentry"
| #define PACKAGE_VERSION "0.7.4"
| #define PACKAGE_STRING "pinentry 0.7.4"
| #define PACKAGE_BUGREPORT "gnupg-devel@gnupg.org"
| #define PACKAGE "pinentry"
| #define VERSION "0.7.4"
| #define _GNU_SOURCE 1
| #define STDC_HEADERS 1
| #define HAVE_SYS_TYPES_H 1
| #define HAVE_SYS_STAT_H 1
| #define HAVE_STDLIB_H 1
| #define HAVE_STRING_H 1
| #define HAVE_MEMORY_H 1
| #define HAVE_STRINGS_H 1
| #define HAVE_INTTYPES_H 1
| #define HAVE_STDINT_H 1
| #define HAVE_UNISTD_H 1
| #define HAVE_STRING_H 1
| #define HAVE_UNISTD_H 1
| #define HAVE_LANGINFO_H 1
| #define HAVE_LOCALE_H 1
| #define HAVE_UTIME_H 1
| #define HAVE_SETEUID 1
| #define HAVE_STPCPY 1
| #define HAVE_MMAP 1
| #define HAVE_MLOCK 1
| /* end confdefs.h.  */
| #define _GNU_SOURCE 1
|     #include <stdlib.h>
|     #include <sys/types.h>
| int
| main ()
| {
| 
|     #undef byte
|     int a = sizeof(byte);
| 
|   ;
|   return 0;
| }
configure:5927: result: no
configure:5937: checking for ulong typedef
configure:5968: gcc -c -isysroot /Developer/SDKs/MacOSX10.4u.sdk -arch i386 -arch ppc -I/usr/local/include -Wall -Wcast-align -Wshadow -Wstrict-prototypes  -Wall conftest.c >&5
conftest.c:35: warning: function declaration isn't a prototype
conftest.c: In function 'main':
conftest.c:38: error: 'ulong' undeclared (first use in this function)
conftest.c:38: error: (Each undeclared identifier is reported only once
conftest.c:38: error: for each function it appears in.)
conftest.c:38: warning: unused variable 'a'
conftest.c:35: warning: function declaration isn't a prototype
conftest.c: In function 'main':
conftest.c:38: error: 'ulong' undeclared (first use in this function)
conftest.c:38: error: (Each undeclared identifier is reported only once
conftest.c:38: error: for each function it appears in.)
conftest.c:38: warning: unused variable 'a'
lipo: can't figure out the architecture type of: /var/tmp//ccpGZ0YD.out
configure:5974: $? = 1
configure: failed program was:
| /* confdefs.h.  */
| #define PACKAGE_NAME "pinentry"
| #define PACKAGE_TARNAME "pinentry"
| #define PACKAGE_VERSION "0.7.4"
| #define PACKAGE_STRING "pinentry 0.7.4"
| #define PACKAGE_BUGREPORT "gnupg-devel@gnupg.org"
| #define PACKAGE "pinentry"
| #define VERSION "0.7.4"
| #define _GNU_SOURCE 1
| #define STDC_HEADERS 1
| #define HAVE_SYS_TYPES_H 1
| #define HAVE_SYS_STAT_H 1
| #define HAVE_STDLIB_H 1
| #define HAVE_STRING_H 1
| #define HAVE_MEMORY_H 1
| #define HAVE_STRINGS_H 1
| #define HAVE_INTTYPES_H 1
| #define HAVE_STDINT_H 1
| #define HAVE_UNISTD_H 1
| #define HAVE_STRING_H 1
| #define HAVE_UNISTD_H 1
| #define HAVE_LANGINFO_H 1
| #define HAVE_LOCALE_H 1
| #define HAVE_UTIME_H 1
| #define HAVE_SETEUID 1
| #define HAVE_STPCPY 1
| #define HAVE_MMAP 1
| #define HAVE_MLOCK 1
| /* end confdefs.h.  */
| #define _GNU_SOURCE 1
|     #include <stdlib.h>
|     #include <sys/types.h>
| int
| main ()
| {
| 
|     #undef ulong
|     int a = sizeof(ulong);
| 
|   ;
|   return 0;
| }
configure:5990: result: no
configure:6011: checking for setcap
configure:6043: result: :
configure:6051: checking for cap_set_proc in -lcap
configure:6086: gcc -o conftest -isysroot /Developer/SDKs/MacOSX10.4u.sdk -arch i386 -arch ppc -I/usr/local/include -Wall -Wcast-align -Wshadow -Wstrict-prototypes  -Wall -L/usr/local/lib -lusb -Wl,-framework -Wl,IOKit -Wl,-framework -Wl,CoreFoundation -Wl,-prebind -ltermcap conftest.c -lcap   >&5
conftest.c:37: warning: function declaration isn't a prototype
conftest.c:40: warning: function declaration isn't a prototype
conftest.c:37: warning: function declaration isn't a prototype
conftest.c:40: warning: function declaration isn't a prototype
/usr/bin/ld: for architecture ppc
/usr/bin/ld: can't locate file for: -lcap
collect2: ld returned 1 exit status
/usr/bin/ld: for architecture i386
/usr/bin/ld: warning -prebind ignored because MACOSX_DEPLOYMENT_TARGET environment variable greater or equal to 10.4
/usr/bin/ld: can't locate file for: -lcap
collect2: ld returned 1 exit status
lipo: can't open input file: /var/tmp//ccNdDWCx.out (No such file or directory)
configure:6092: $? = 1
configure: failed program was:
| /* confdefs.h.  */
| #define PACKAGE_NAME "pinentry"
| #define PACKAGE_TARNAME "pinentry"
| #define PACKAGE_VERSION "0.7.4"
| #define PACKAGE_STRING "pinentry 0.7.4"
| #define PACKAGE_BUGREPORT "gnupg-devel@gnupg.org"
| #define PACKAGE "pinentry"
| #define VERSION "0.7.4"
| #define _GNU_SOURCE 1
| #define STDC_HEADERS 1
| #define HAVE_SYS_TYPES_H 1
| #define HAVE_SYS_STAT_H 1
| #define HAVE_STDLIB_H 1
| #define HAVE_STRING_H 1
| #define HAVE_MEMORY_H 1
| #define HAVE_STRINGS_H 1
| #define HAVE_INTTYPES_H 1
| #define HAVE_STDINT_H 1
| #define HAVE_UNISTD_H 1
| #define HAVE_STRING_H 1
| #define HAVE_UNISTD_H 1
| #define HAVE_LANGINFO_H 1
| #define HAVE_LOCALE_H 1
| #define HAVE_UTIME_H 1
| #define HAVE_SETEUID 1
| #define HAVE_STPCPY 1
| #define HAVE_MMAP 1
| #define HAVE_MLOCK 1
| /* end confdefs.h.  */
| 
| /* Override any GCC internal prototype to avoid an error.
|    Use char because int might match the return type of a GCC
|    builtin and then its argument prototype would still apply.  */
| #ifdef __cplusplus
| extern "C"
| #endif
| char cap_set_proc ();
| int
| main ()
| {
| return cap_set_proc ();
|   ;
|   return 0;
| }
configure:6110: result: no
configure:6151: checking for initscr in -lncurses
configure:6186: gcc -o conftest -isysroot /Developer/SDKs/MacOSX10.4u.sdk -arch i386 -arch ppc -I/usr/local/include -Wall -Wcast-align -Wshadow -Wstrict-prototypes  -Wall -L/usr/local/lib -lusb -Wl,-framework -Wl,IOKit -Wl,-framework -Wl,CoreFoundation -Wl,-prebind -ltermcap conftest.c -lncurses   >&5
conftest.c:37: warning: function declaration isn't a prototype
conftest.c:40: warning: function declaration isn't a prototype
conftest.c:37: warning: function declaration isn't a prototype
conftest.c:40: warning: function declaration isn't a prototype
/usr/bin/ld: for architecture i386
/usr/bin/ld: warning -prebind ignored because MACOSX_DEPLOYMENT_TARGET environment variable greater or equal to 10.4
configure:6192: $? = 0
configure:6210: result: yes
configure:6237: checking for ncurses include dir
configure:6251: result: /usr/local/include/ncurses
configure:6726: checking for glib-config
configure:6757: result: no
configure:6766: checking for GLIB - version >= 1.2.0
configure:6911: result: no
configure:7421: checking for ld used by GCC
configure:7485: result: /usr/bin/ld
configure:7494: checking if the linker (/usr/bin/ld) is GNU ld
configure:7507: result: no
configure:7514: checking for shared library run path origin
configure:7527: result: done
configure:7991: checking for iconv
configure:8023: gcc -o conftest -isysroot /Developer/SDKs/MacOSX10.4u.sdk -arch i386 -arch ppc -I/usr/local/include -Wall -Wcast-align -Wshadow -Wstrict-prototypes  -Wall -I/usr/local/include -L/usr/local/lib -lusb -Wl,-framework -Wl,IOKit -Wl,-framework -Wl,CoreFoundation -Wl,-prebind -ltermcap conftest.c  >&5
conftest.c:36: warning: function declaration isn't a prototype
conftest.c:36: warning: function declaration isn't a prototype
/usr/bin/ld: for architecture ppc
/usr/bin/ld: warning prebinding disabled because of undefined symbols
/usr/bin/ld: Undefined symbols:
_libiconv
_libiconv_close
_libiconv_open
collect2: ld returned 1 exit status
/usr/bin/ld: for architecture i386
/usr/bin/ld: warning -prebind ignored because MACOSX_DEPLOYMENT_TARGET environment variable greater or equal to 10.4
/usr/bin/ld: Undefined symbols:
_libiconv
_libiconv_close
_libiconv_open
collect2: ld returned 1 exit status
lipo: can't open input file: /var/tmp//ccUc6v4K.out (No such file or directory)
configure:8029: $? = 1
configure: failed program was:
| /* confdefs.h.  */
| #define PACKAGE_NAME "pinentry"
| #define PACKAGE_TARNAME "pinentry"
| #define PACKAGE_VERSION "0.7.4"
| #define PACKAGE_STRING "pinentry 0.7.4"
| #define PACKAGE_BUGREPORT "gnupg-devel@gnupg.org"
| #define PACKAGE "pinentry"
| #define VERSION "0.7.4"
| #define _GNU_SOURCE 1
| #define STDC_HEADERS 1
| #define HAVE_SYS_TYPES_H 1
| #define HAVE_SYS_STAT_H 1
| #define HAVE_STDLIB_H 1
| #define HAVE_STRING_H 1
| #define HAVE_MEMORY_H 1
| #define HAVE_STRINGS_H 1
| #define HAVE_INTTYPES_H 1
| #define HAVE_STDINT_H 1
| #define HAVE_UNISTD_H 1
| #define HAVE_STRING_H 1
| #define HAVE_UNISTD_H 1
| #define HAVE_LANGINFO_H 1
| #define HAVE_LOCALE_H 1
| #define HAVE_UTIME_H 1
| #define HAVE_SETEUID 1
| #define HAVE_STPCPY 1
| #define HAVE_MMAP 1
| #define HAVE_MLOCK 1
| #define FALLBACK_CURSES 1
| #define PINENTRY_CURSES 1
| /* end confdefs.h.  */
| #include <stdlib.h>
| #include <iconv.h>
| int
| main ()
| {
| iconv_t cd = iconv_open("","");
|        iconv(cd,NULL,NULL,NULL,NULL);
|        iconv_close(cd);
|   ;
|   return 0;
| }
configure:8072: gcc -o conftest -isysroot /Developer/SDKs/MacOSX10.4u.sdk -arch i386 -arch ppc -I/usr/local/include -Wall -Wcast-align -Wshadow -Wstrict-prototypes  -Wall -I/usr/local/include -L/usr/local/lib -lusb -Wl,-framework -Wl,IOKit -Wl,-framework -Wl,CoreFoundation -Wl,-prebind -ltermcap conftest.c  /usr/local/lib/libiconv.a >&5
conftest.c:36: warning: function declaration isn't a prototype
conftest.c:36: warning: function declaration isn't a prototype
/usr/bin/ld: for architecture i386
/usr/bin/ld: warning -prebind ignored because MACOSX_DEPLOYMENT_TARGET environment variable greater or equal to 10.4
configure:8078: $? = 0
configure:8099: result: yes
configure:8109: checking how to link with libiconv
configure:8111: result: /usr/local/lib/libiconv.a
configure:8122: checking for iconv declaration
configure:8161: gcc -c -isysroot /Developer/SDKs/MacOSX10.4u.sdk -arch i386 -arch ppc -I/usr/local/include -Wall -Wcast-align -Wshadow -Wstrict-prototypes  -Wall -I/usr/local/include conftest.c >&5
conftest.c:41: error: conflicting types for 'libiconv'
/usr/local/include/iconv.h:83: error: previous declaration of 'libiconv' was here
conftest.c:48: warning: function declaration isn't a prototype
conftest.c:41: error: conflicting types for 'libiconv'
/usr/local/include/iconv.h:83: error: previous declaration of 'libiconv' was here
conftest.c:48: warning: function declaration isn't a prototype
lipo: can't figure out the architecture type of: /var/tmp//ccm5DsiU.out
configure:8167: $? = 1
configure: failed program was:
| /* confdefs.h.  */
| #define PACKAGE_NAME "pinentry"
| #define PACKAGE_TARNAME "pinentry"
| #define PACKAGE_VERSION "0.7.4"
| #define PACKAGE_STRING "pinentry 0.7.4"
| #define PACKAGE_BUGREPORT "gnupg-devel@gnupg.org"
| #define PACKAGE "pinentry"
| #define VERSION "0.7.4"
| #define _GNU_SOURCE 1
| #define STDC_HEADERS 1
| #define HAVE_SYS_TYPES_H 1
| #define HAVE_SYS_STAT_H 1
| #define HAVE_STDLIB_H 1
| #define HAVE_STRING_H 1
| #define HAVE_MEMORY_H 1
| #define HAVE_STRINGS_H 1
| #define HAVE_INTTYPES_H 1
| #define HAVE_STDINT_H 1
| #define HAVE_UNISTD_H 1
| #define HAVE_STRING_H 1
| #define HAVE_UNISTD_H 1
| #define HAVE_LANGINFO_H 1
| #define HAVE_LOCALE_H 1
| #define HAVE_UTIME_H 1
| #define HAVE_SETEUID 1
| #define HAVE_STPCPY 1
| #define HAVE_MMAP 1
| #define HAVE_MLOCK 1
| #define FALLBACK_CURSES 1
| #define PINENTRY_CURSES 1
| #define HAVE_ICONV 1
| /* end confdefs.h.  */
| 
| #include <stdlib.h>
| #include <iconv.h>
| extern
| #ifdef __cplusplus
| "C"
| #endif
| #if defined(__STDC__) || defined(__cplusplus)
| size_t iconv (iconv_t cd, char * *inbuf, size_t *inbytesleft, char * *outbuf, size_t *outbytesleft);
| #else
| size_t iconv();
| #endif
| 
| int
| main ()
| {
| 
|   ;
|   return 0;
| }
configure:8186: result: 
         extern size_t iconv (iconv_t cd, const char * *inbuf, size_t *inbytesleft, char * *outbuf, size_t *outbytesleft);
configure:8224: checking for pkg-config
configure:8252: result: no
configure:8433: checking for C++ compiler version
configure:8440: g++ --version >&5
powerpc-apple-darwin8-g++-4.0.1 (GCC) 4.0.1 (Apple Computer, Inc. build 5250)
Copyright (C) 2005 Free Software Foundation, Inc.
This is free software; see the source for copying conditions.  There is NO
warranty; not even for MERCHANTABILITY or FITNESS FOR A PARTICULAR PURPOSE.

configure:8443: $? = 0
configure:8450: g++ -v >&5
Using built-in specs.
Target: powerpc-apple-darwin8
Configured with: /private/var/tmp/gcc/gcc-5250.obj~12/src/configure --disable-checking -enable-werror --prefix=/usr --mandir=/share/man --enable-languages=c,objc,c++,obj-c++ --program-transform-name=/^[cg][^.-]*$/s/$/-4.0/ --with-gxx-include-dir=/include/c++/4.0.0 --build=powerpc-apple-darwin8 --host=powerpc-apple-darwin8 --target=powerpc-apple-darwin8
Thread model: posix
gcc version 4.0.1 (Apple Computer, Inc. build 5250)
configure:8453: $? = 0
configure:8460: g++ -V >&5
g++: argument to `-V' is missing
configure:8463: $? = 1
configure:8466: checking whether we are using the GNU C++ compiler
configure:8518: result: yes
configure:8523: checking whether g++ accepts -g
configure:8658: result: yes
configure:8683: checking dependency style of g++
configure:8774: result: none
configure:8791: checking whether g++ supports -fexceptions
configure:8827: g++ -o conftest -g -O2 -fexceptions  -Wall -I/usr/local/include -L/usr/local/lib -lusb -Wl,-framework -Wl,IOKit -Wl,-framework -Wl,CoreFoundation -Wl,-prebind -ltermcap conftest.cpp  >&5
configure:8833: $? = 0
configure:8860: result: yes
configure:8974: checking how to run the C++ preprocessor
configure:9010: g++ -E  -Wall -I/usr/local/include conftest.cpp
configure:9016: $? = 0
configure:9047: g++ -E  -Wall -I/usr/local/include conftest.cpp
conftest.cpp:34:28: error: ac_nonexistent.h: No such file or directory
configure:9053: $? = 1
configure: failed program was:
| /* confdefs.h.  */
| #define PACKAGE_NAME "pinentry"
| #define PACKAGE_TARNAME "pinentry"
| #define PACKAGE_VERSION "0.7.4"
| #define PACKAGE_STRING "pinentry 0.7.4"
| #define PACKAGE_BUGREPORT "gnupg-devel@gnupg.org"
| #define PACKAGE "pinentry"
| #define VERSION "0.7.4"
| #define _GNU_SOURCE 1
| #define STDC_HEADERS 1
| #define HAVE_SYS_TYPES_H 1
| #define HAVE_SYS_STAT_H 1
| #define HAVE_STDLIB_H 1
| #define HAVE_STRING_H 1
| #define HAVE_MEMORY_H 1
| #define HAVE_STRINGS_H 1
| #define HAVE_INTTYPES_H 1
| #define HAVE_STDINT_H 1
| #define HAVE_UNISTD_H 1
| #define HAVE_STRING_H 1
| #define HAVE_UNISTD_H 1
| #define HAVE_LANGINFO_H 1
| #define HAVE_LOCALE_H 1
| #define HAVE_UTIME_H 1
| #define HAVE_SETEUID 1
| #define HAVE_STPCPY 1
| #define HAVE_MMAP 1
| #define HAVE_MLOCK 1
| #define FALLBACK_CURSES 1
| #define PINENTRY_CURSES 1
| #define HAVE_ICONV 1
| #define ICONV_CONST const
| /* end confdefs.h.  */
| #include <ac_nonexistent.h>
configure:9086: result: g++ -E
configure:9115: g++ -E  -Wall -I/usr/local/include conftest.cpp
configure:9121: $? = 0
configure:9152: g++ -E  -Wall -I/usr/local/include conftest.cpp
conftest.cpp:34:28: error: ac_nonexistent.h: No such file or directory
configure:9158: $? = 1
configure: failed program was:
| /* confdefs.h.  */
| #define PACKAGE_NAME "pinentry"
| #define PACKAGE_TARNAME "pinentry"
| #define PACKAGE_VERSION "0.7.4"
| #define PACKAGE_STRING "pinentry 0.7.4"
| #define PACKAGE_BUGREPORT "gnupg-devel@gnupg.org"
| #define PACKAGE "pinentry"
| #define VERSION "0.7.4"
| #define _GNU_SOURCE 1
| #define STDC_HEADERS 1
| #define HAVE_SYS_TYPES_H 1
| #define HAVE_SYS_STAT_H 1
| #define HAVE_STDLIB_H 1
| #define HAVE_STRING_H 1
| #define HAVE_MEMORY_H 1
| #define HAVE_STRINGS_H 1
| #define HAVE_INTTYPES_H 1
| #define HAVE_STDINT_H 1
| #define HAVE_UNISTD_H 1
| #define HAVE_STRING_H 1
| #define HAVE_UNISTD_H 1
| #define HAVE_LANGINFO_H 1
| #define HAVE_LOCALE_H 1
| #define HAVE_UTIME_H 1
| #define HAVE_SETEUID 1
| #define HAVE_STPCPY 1
| #define HAVE_MMAP 1
| #define HAVE_MLOCK 1
| #define FALLBACK_CURSES 1
| #define PINENTRY_CURSES 1
| #define HAVE_ICONV 1
| #define ICONV_CONST const
| /* end confdefs.h.  */
| #include <ac_nonexistent.h>
configure:9216: checking for X
configure:9451: result: libraries /usr/X11R6/lib, headers /usr/X11R6/include
configure:9473: checking whether -R must be followed by a space
configure:9499: gcc -o conftest -isysroot /Developer/SDKs/MacOSX10.4u.sdk -arch i386 -arch ppc -I/usr/local/include -Wall -Wcast-align -Wshadow -Wstrict-prototypes  -Wall -I/usr/local/include -L/usr/local/lib -lusb -Wl,-framework -Wl,IOKit -Wl,-framework -Wl,CoreFoundation -Wl,-prebind -ltermcap conftest.c  -R/usr/X11R6/lib >&5
i686-apple-darwin8-gcc-4.0.1: unrecognized option '-R/usr/X11R6/lib'
powerpc-apple-darwin8-gcc-4.0.1: unrecognized option '-R/usr/X11R6/lib'
conftest.c:37: warning: function declaration isn't a prototype
conftest.c:37: warning: function declaration isn't a prototype
/usr/bin/ld: for architecture i386
/usr/bin/ld: warning -prebind ignored because MACOSX_DEPLOYMENT_TARGET environment variable greater or equal to 10.4
configure:9505: $? = 0
configure: failed program was:
| /* confdefs.h.  */
| #define PACKAGE_NAME "pinentry"
| #define PACKAGE_TARNAME "pinentry"
| #define PACKAGE_VERSION "0.7.4"
| #define PACKAGE_STRING "pinentry 0.7.4"
| #define PACKAGE_BUGREPORT "gnupg-devel@gnupg.org"
| #define PACKAGE "pinentry"
| #define VERSION "0.7.4"
| #define _GNU_SOURCE 1
| #define STDC_HEADERS 1
| #define HAVE_SYS_TYPES_H 1
| #define HAVE_SYS_STAT_H 1
| #define HAVE_STDLIB_H 1
| #define HAVE_STRING_H 1
| #define HAVE_MEMORY_H 1
| #define HAVE_STRINGS_H 1
| #define HAVE_INTTYPES_H 1
| #define HAVE_STDINT_H 1
| #define HAVE_UNISTD_H 1
| #define HAVE_STRING_H 1
| #define HAVE_UNISTD_H 1
| #define HAVE_LANGINFO_H 1
| #define HAVE_LOCALE_H 1
| #define HAVE_UTIME_H 1
| #define HAVE_SETEUID 1
| #define HAVE_STPCPY 1
| #define HAVE_MMAP 1
| #define HAVE_MLOCK 1
| #define FALLBACK_CURSES 1
| #define PINENTRY_CURSES 1
| #define HAVE_ICONV 1
| #define ICONV_CONST const
| /* end confdefs.h.  */
| 
| int
| main ()
| {
| 
|   ;
|   return 0;
| }
configure:9540: gcc -o conftest -isysroot /Developer/SDKs/MacOSX10.4u.sdk -arch i386 -arch ppc -I/usr/local/include -Wall -Wcast-align -Wshadow -Wstrict-prototypes  -Wall -I/usr/local/include -L/usr/local/lib -lusb -Wl,-framework -Wl,IOKit -Wl,-framework -Wl,CoreFoundation -Wl,-prebind -ltermcap conftest.c  -R /usr/X11R6/lib >&5
i686-apple-darwin8-gcc-4.0.1: unrecognized option '-R'
powerpc-apple-darwin8-gcc-4.0.1: unrecognized option '-R'
conftest.c:37: warning: function declaration isn't a prototype
conftest.c:37: warning: function declaration isn't a prototype
/usr/bin/ld: for architecture ppc
/usr/bin/ld: can't map file: /usr/X11R6/lib ((os/kern) invalid argument)
collect2: ld returned 1 exit status
/usr/bin/ld: for architecture i386
/usr/bin/ld: warning -prebind ignored because MACOSX_DEPLOYMENT_TARGET environment variable greater or equal to 10.4
/usr/bin/ld: can't map file: /usr/X11R6/lib ((os/kern) invalid argument)
collect2: ld returned 1 exit status
lipo: can't open input file: /var/tmp//ccJibazN.out (No such file or directory)
configure:9546: $? = 1
configure: failed program was:
| /* confdefs.h.  */
| #define PACKAGE_NAME "pinentry"
| #define PACKAGE_TARNAME "pinentry"
| #define PACKAGE_VERSION "0.7.4"
| #define PACKAGE_STRING "pinentry 0.7.4"
| #define PACKAGE_BUGREPORT "gnupg-devel@gnupg.org"
| #define PACKAGE "pinentry"
| #define VERSION "0.7.4"
| #define _GNU_SOURCE 1
| #define STDC_HEADERS 1
| #define HAVE_SYS_TYPES_H 1
| #define HAVE_SYS_STAT_H 1
| #define HAVE_STDLIB_H 1
| #define HAVE_STRING_H 1
| #define HAVE_MEMORY_H 1
| #define HAVE_STRINGS_H 1
| #define HAVE_INTTYPES_H 1
| #define HAVE_STDINT_H 1
| #define HAVE_UNISTD_H 1
| #define HAVE_STRING_H 1
| #define HAVE_UNISTD_H 1
| #define HAVE_LANGINFO_H 1
| #define HAVE_LOCALE_H 1
| #define HAVE_UTIME_H 1
| #define HAVE_SETEUID 1
| #define HAVE_STPCPY 1
| #define HAVE_MMAP 1
| #define HAVE_MLOCK 1
| #define FALLBACK_CURSES 1
| #define PINENTRY_CURSES 1
| #define HAVE_ICONV 1
| #define ICONV_CONST const
| /* end confdefs.h.  */
| 
| int
| main ()
| {
| 
|   ;
|   return 0;
| }
configure:9559: result: neither works
configure:9612: gcc -o conftest -isysroot /Developer/SDKs/MacOSX10.4u.sdk -arch i386 -arch ppc -I/usr/local/include -Wall -Wcast-align -Wshadow -Wstrict-prototypes  -Wall -I/usr/local/include -L/usr/local/lib -lusb -Wl,-framework -Wl,IOKit -Wl,-framework -Wl,CoreFoundation -Wl,-prebind -ltermcap conftest.c   -L/usr/X11R6/lib -lX11 >&5
conftest.c:41: warning: function declaration isn't a prototype
conftest.c:44: warning: function declaration isn't a prototype
conftest.c:41: warning: function declaration isn't a prototype
conftest.c:44: warning: function declaration isn't a prototype
/usr/bin/ld: for architecture i386
/usr/bin/ld: warning -prebind ignored because MACOSX_DEPLOYMENT_TARGET environment variable greater or equal to 10.4
configure:9618: $? = 0
configure:9775: checking for gethostbyname
configure:9831: gcc -o conftest -isysroot /Developer/SDKs/MacOSX10.4u.sdk -arch i386 -arch ppc -I/usr/local/include -Wall -Wcast-align -Wshadow -Wstrict-prototypes  -Wall -I/usr/local/include -L/usr/local/lib -lusb -Wl,-framework -Wl,IOKit -Wl,-framework -Wl,CoreFoundation -Wl,-prebind -ltermcap conftest.c  >&5
conftest.c:57: warning: function declaration isn't a prototype
conftest.c:67: warning: function declaration isn't a prototype
conftest.c:57: warning: function declaration isn't a prototype
conftest.c:67: warning: function declaration isn't a prototype
/usr/bin/ld: for architecture i386
/usr/bin/ld: warning -prebind ignored because MACOSX_DEPLOYMENT_TARGET environment variable greater or equal to 10.4
configure:9837: $? = 0
configure:9854: result: yes
configure:9999: checking for connect
configure:10055: gcc -o conftest -isysroot /Developer/SDKs/MacOSX10.4u.sdk -arch i386 -arch ppc -I/usr/local/include -Wall -Wcast-align -Wshadow -Wstrict-prototypes  -Wall -I/usr/local/include -L/usr/local/lib -lusb -Wl,-framework -Wl,IOKit -Wl,-framework -Wl,CoreFoundation -Wl,-prebind -ltermcap conftest.c  >&5
conftest.c:57: warning: function declaration isn't a prototype
conftest.c:67: warning: function declaration isn't a prototype
conftest.c:57: warning: function declaration isn't a prototype
conftest.c:67: warning: function declaration isn't a prototype
/usr/bin/ld: for architecture i386
/usr/bin/ld: warning -prebind ignored because MACOSX_DEPLOYMENT_TARGET environment variable greater or equal to 10.4
configure:10061: $? = 0
configure:10078: result: yes
configure:10150: checking for remove
configure:10206: gcc -o conftest -isysroot /Developer/SDKs/MacOSX10.4u.sdk -arch i386 -arch ppc -I/usr/local/include -Wall -Wcast-align -Wshadow -Wstrict-prototypes  -Wall -I/usr/local/include -L/usr/local/lib -lusb -Wl,-framework -Wl,IOKit -Wl,-framework -Wl,CoreFoundation -Wl,-prebind -ltermcap conftest.c  >&5
conftest.c:57: warning: function declaration isn't a prototype
conftest.c:67: warning: function declaration isn't a prototype
conftest.c:57: warning: function declaration isn't a prototype
conftest.c:67: warning: function declaration isn't a prototype
/usr/bin/ld: for architecture i386
/usr/bin/ld: warning -prebind ignored because MACOSX_DEPLOYMENT_TARGET environment variable greater or equal to 10.4
configure:10212: $? = 0
configure:10229: result: yes
configure:10301: checking for shmat
configure:10357: gcc -o conftest -isysroot /Developer/SDKs/MacOSX10.4u.sdk -arch i386 -arch ppc -I/usr/local/include -Wall -Wcast-align -Wshadow -Wstrict-prototypes  -Wall -I/usr/local/include -L/usr/local/lib -lusb -Wl,-framework -Wl,IOKit -Wl,-framework -Wl,CoreFoundation -Wl,-prebind -ltermcap conftest.c  >&5
conftest.c:57: warning: function declaration isn't a prototype
conftest.c:67: warning: function declaration isn't a prototype
conftest.c:57: warning: function declaration isn't a prototype
conftest.c:67: warning: function declaration isn't a prototype
/usr/bin/ld: for architecture i386
/usr/bin/ld: warning -prebind ignored because MACOSX_DEPLOYMENT_TARGET environment variable greater or equal to 10.4
configure:10363: $? = 0
configure:10380: result: yes
configure:10461: checking for IceConnectionNumber in -lICE
configure:10496: gcc -o conftest -isysroot /Developer/SDKs/MacOSX10.4u.sdk -arch i386 -arch ppc -I/usr/local/include -Wall -Wcast-align -Wshadow -Wstrict-prototypes  -Wall -I/usr/local/include -L/usr/local/lib -lusb -Wl,-framework -Wl,IOKit -Wl,-framework -Wl,CoreFoundation -Wl,-prebind -ltermcap -L/usr/X11R6/lib conftest.c -lICE   >&5
conftest.c:41: warning: function declaration isn't a prototype
conftest.c:44: warning: function declaration isn't a prototype
conftest.c:41: warning: function declaration isn't a prototype
conftest.c:44: warning: function declaration isn't a prototype
/usr/bin/ld: for architecture i386
/usr/bin/ld: warning -prebind ignored because MACOSX_DEPLOYMENT_TARGET environment variable greater or equal to 10.4
configure:10502: $? = 0
configure:10520: result: yes
configure:10613: checking for pthread_create in -lpthread
configure:10648: gcc -o conftest -isysroot /Developer/SDKs/MacOSX10.4u.sdk -arch i386 -arch ppc -I/usr/local/include -Wall -Wcast-align -Wshadow -Wstrict-prototypes  -Wall -I/usr/local/include -L/usr/local/lib -lusb -Wl,-framework -Wl,IOKit -Wl,-framework -Wl,CoreFoundation -Wl,-prebind -ltermcap conftest.c -lpthread   >&5
conftest.c:41: warning: function declaration isn't a prototype
conftest.c:44: warning: function declaration isn't a prototype
conftest.c:41: warning: function declaration isn't a prototype
conftest.c:44: warning: function declaration isn't a prototype
/usr/bin/ld: for architecture i386
/usr/bin/ld: warning -prebind ignored because MACOSX_DEPLOYMENT_TARGET environment variable greater or equal to 10.4
configure:10654: $? = 0
configure:10672: result: yes
configure:11210: checking for Qt
configure: 11278: /usr/lib/qt3/include/qstyle.h
configure: 11278: /usr/lib/qt3/qstyle.h
configure: 11278: /usr/lib/qt/include/qstyle.h
configure: 11278: /usr/lib/qt/qstyle.h
configure: 11278: /usr/local/qt/include/qstyle.h
configure: 11278: /usr/include/qstyle.h
configure: 11278: /usr/X11R6/include/X11/qt/qstyle.h
configure: 11278: /usr/X11R6/include/qt/qstyle.h
configure: 11278: /usr/X11R6/include/qt2/qstyle.h
configure: 11278: /usr/include/qt3/qstyle.h
configure: 11278: /usr/X11R6/include/qstyle.h
tried NO
tried /usr/lib/qt3/lib
tried /usr/lib/qt3
tried /usr/lib/qt/lib
tried /usr/lib/qt
tried /usr/X11R6/lib
tried /usr/lib
tried /usr/local/qt/lib
tried /usr/X11R6/lib
configure:11382: g++ -o conftest -g -O2 -INO  -DQT_THREAD_SUPPORT  -I/usr/X11R6/include  -Wall -I/usr/local/include -L/usr/local/lib -lusb -Wl,-framework -Wl,IOKit -Wl,-framework -Wl,CoreFoundation -Wl,-prebind -ltermcap -LNONE  -L/usr/X11R6/lib conftest.cpp  -lqt-mt  -lSM -lICE -lXext -lX11  -lpthread >&5
conftest.cpp:2:21: error: qglobal.h: No such file or directory
conftest.cpp:3:26: error: qapplication.h: No such file or directory
conftest.cpp:4:21: error: qcursor.h: No such file or directory
conftest.cpp:5:27: error: qstylefactory.h: No such file or directory
conftest.cpp:6:34: error: private/qucomextra_p.h: No such file or directory
conftest.cpp:8:2: error: #error 1
conftest.cpp: In function 'int main()':
conftest.cpp:12: error: 'QStyleFactory' has not been declared
conftest.cpp:12: error: 'QString' has not been declared
conftest.cpp:12: error: 'null' was not declared in this scope
conftest.cpp:12: error: 'create' was not declared in this scope
conftest.cpp:13: error: 'QCursor' was not declared in this scope
conftest.cpp:13: error: expected `;' before 'c'
configure:11385: $? = 1
configure: failed program was:
#include "confdefs.h"
#include <qglobal.h>
#include <qapplication.h>
#include <qcursor.h>
#include <qstylefactory.h>
#include <private/qucomextra_p.h>
#if ! (QT_VERSION >= 301)
#error 1
#endif

int main() {
    (void)QStyleFactory::create(QString::null);
    QCursor c(Qt::WhatsThisCursor);
    return 0;
}
configure:11437: result: no
configure:11476: checking for moc
configure:11507: result: no
configure:11535: checking for rpath
configure:11557: result: yes
configure:11877: creating ./config.status

## ---------------------- ##
## Running config.status. ##
## ---------------------- ##

This file was extended by pinentry config.status 0.7.4, which was
generated by GNU Autoconf 2.61.  Invocation command line was

  CONFIG_FILES    = 
  CONFIG_HEADERS  = 
  CONFIG_LINKS    = 
  CONFIG_COMMANDS = 
  $ ./config.status 

on isaac.local

config.status:724: creating assuan/Makefile
config.status:724: creating secmem/Makefile
config.status:724: creating pinentry/Makefile
config.status:724: creating curses/Makefile
config.status:724: creating gtk/Makefile
config.status:724: creating gtk+-2/Makefile
config.status:724: creating qt/Makefile
config.status:724: creating w32/Makefile
config.status:724: creating doc/Makefile
config.status:724: creating Makefile
config.status:724: creating config.h
config.status:1011: executing depfiles commands
configure:13225:
	Pinentry v0.7.4 has been configured as follows:

	Curses Pinentry: yes
	GTK+ Pinentry: no
	GTK+-2 Pinentry: no
	Qt Pinentry: no
        W32 Pinentry: no

	Fallback to Curses: yes

	Default Pinentry: pinentry-curses


## ---------------- ##
## Cache variables. ##
## ---------------- ##

ac_cv_build=powerpc-apple-darwin8.11.0
ac_cv_c_compiler_gnu=yes
ac_cv_cxx_compiler_gnu=yes
ac_cv_env_CCC_set=
ac_cv_env_CCC_value=
ac_cv_env_CC_set=
ac_cv_env_CC_value=
ac_cv_env_CFLAGS_set=set
ac_cv_env_CFLAGS_value='-isysroot /Developer/SDKs/MacOSX10.4u.sdk -arch i386 -arch ppc -I/usr/local/include'
ac_cv_env_CPPFLAGS_set=
ac_cv_env_CPPFLAGS_value=
ac_cv_env_CPP_set=
ac_cv_env_CPP_value=
ac_cv_env_CXXCPP_set=
ac_cv_env_CXXCPP_value=
ac_cv_env_CXXFLAGS_set=
ac_cv_env_CXXFLAGS_value=
ac_cv_env_CXX_set=
ac_cv_env_CXX_value=
ac_cv_env_LDFLAGS_set=set
ac_cv_env_LDFLAGS_value='-L/usr/local/lib -lusb -Wl,-framework -Wl,IOKit -Wl,-framework -Wl,CoreFoundation -Wl,-prebind -ltermcap'
ac_cv_env_LIBS_set=
ac_cv_env_LIBS_value=
ac_cv_env_XMKMF_set=
ac_cv_env_XMKMF_value=
ac_cv_env_build_alias_set=
ac_cv_env_build_alias_value=
ac_cv_env_host_alias_set=
ac_cv_env_host_alias_value=
ac_cv_env_target_alias_set=
ac_cv_env_target_alias_value=
ac_cv_func_connect=yes
ac_cv_func_gethostbyname=yes
ac_cv_func_mlock=yes
ac_cv_func_mmap=yes
ac_cv_func_remove=yes
ac_cv_func_seteuid=yes
ac_cv_func_shmat=yes
ac_cv_func_stpcpy=yes
ac_cv_have_qt=have_qt=no
ac_cv_have_x='have_x=yes	ac_x_includes='\''/usr/X11R6/include'\''	ac_x_libraries='\''/usr/X11R6/lib'\'''
ac_cv_header_inttypes_h=yes
ac_cv_header_langinfo_h=yes
ac_cv_header_locale_h=yes
ac_cv_header_memory_h=yes
ac_cv_header_stdc=yes
ac_cv_header_stdint_h=yes
ac_cv_header_stdlib_h=yes
ac_cv_header_string_h=yes
ac_cv_header_strings_h=yes
ac_cv_header_sys_stat_h=yes
ac_cv_header_sys_types_h=yes
ac_cv_header_termio_h=no
ac_cv_header_unistd_h=yes
ac_cv_header_utime_h=yes
ac_cv_host=powerpc-apple-darwin8.11.0
ac_cv_lib_ICE_IceConnectionNumber=yes
ac_cv_lib_cap_cap_set_proc=no
ac_cv_lib_ncurses_initscr=yes
ac_cv_lib_pthread_pthread_create=yes
ac_cv_objext=o
ac_cv_path_EGREP='/usr/bin/grep -E'
ac_cv_path_GLIB_CONFIG=no
ac_cv_path_GREP=/usr/bin/grep
ac_cv_path_MOC=no
ac_cv_path_SETCAP=:
ac_cv_path_install='/usr/bin/install -c'
ac_cv_prog_AWK=awk
ac_cv_prog_CPP='gcc -E'
ac_cv_prog_CXXCPP='g++ -E'
ac_cv_prog_PKGCONFIG=no
ac_cv_prog_ac_ct_CC=gcc
ac_cv_prog_ac_ct_CXX=g++
ac_cv_prog_ac_ct_RANLIB=ranlib
ac_cv_prog_cc_c89=
ac_cv_prog_cc_g=yes
ac_cv_prog_cxx_g=yes
ac_cv_prog_make_make_set=yes
acl_cv_hardcode_direct=no
acl_cv_hardcode_libdir_flag_spec=
acl_cv_hardcode_libdir_separator=
acl_cv_hardcode_minus_L=no
acl_cv_libext=a
acl_cv_path_LD=/usr/bin/ld
acl_cv_prog_gnu_ld=no
acl_cv_rpath=done
acl_cv_shlibext=dylib
acl_cv_wl=-Wl,
am_cv_CC_dependencies_compiler_type=none
am_cv_CXX_dependencies_compiler_type=none
am_cv_func_iconv=yes
am_cv_lib_iconv=yes
am_cv_proto_iconv='extern size_t iconv (iconv_t cd, const char * *inbuf, size_t *inbytesleft, char * *outbuf, size_t *outbytesleft);'
am_cv_proto_iconv_arg1=const
gnupg_cv_have_broken_mlock=no
gnupg_cv_typedef_byte=no
gnupg_cv_typedef_ulong=no
inetutils_cv_includedir_ncurses=/usr/local/include/ncurses
kde_cv_prog_cxx_fexceptions=yes

## ----------------- ##
## Output variables. ##
## ----------------- ##

ACLOCAL='${SHELL} /Users/benjamin/Desktop/mac-gpg-development/pinentry-mac/pinentry-0.7.4/missing --run aclocal-1.10'
AMDEPBACKSLASH=''
AMDEP_FALSE=''
AMDEP_TRUE='#'
AMTAR='${SHELL} /Users/benjamin/Desktop/mac-gpg-development/pinentry-mac/pinentry-0.7.4/missing --run tar'
AUTOCONF='${SHELL} /Users/benjamin/Desktop/mac-gpg-development/pinentry-mac/pinentry-0.7.4/missing --run autoconf'
AUTOHEADER='${SHELL} /Users/benjamin/Desktop/mac-gpg-development/pinentry-mac/pinentry-0.7.4/missing --run autoheader'
AUTOMAKE='${SHELL} /Users/benjamin/Desktop/mac-gpg-development/pinentry-mac/pinentry-0.7.4/missing --run automake-1.10'
AWK='awk'
BUILD_LIBPINENTRY_CURSES_FALSE='#'
BUILD_LIBPINENTRY_CURSES_TRUE=''
BUILD_PINENTRY_CURSES_FALSE='#'
BUILD_PINENTRY_CURSES_TRUE=''
BUILD_PINENTRY_GTK_2_FALSE=''
BUILD_PINENTRY_GTK_2_TRUE='#'
BUILD_PINENTRY_GTK_FALSE=''
BUILD_PINENTRY_GTK_TRUE='#'
BUILD_PINENTRY_QT_FALSE=''
BUILD_PINENTRY_QT_TRUE='#'
BUILD_PINENTRY_W32_FALSE=''
BUILD_PINENTRY_W32_TRUE='#'
CC='gcc'
CCDEPMODE='depmode=none'
CFLAGS='-isysroot /Developer/SDKs/MacOSX10.4u.sdk -arch i386 -arch ppc -I/usr/local/include -Wall -Wcast-align -Wshadow -Wstrict-prototypes'
CPP='gcc -E'
CPPFLAGS=' -Wall -I/usr/local/include'
CXX='g++'
CXXCPP='g++ -E'
CXXDEPMODE='depmode=none'
CXXFLAGS='-g -O2'
CYGPATH_W='echo'
DEFS='-DHAVE_CONFIG_H'
DEPDIR='.deps'
ECHO_C=''
ECHO_N='-n'
ECHO_T=''
EGREP='/usr/bin/grep -E'
EXEEXT=''
FALLBACK_CURSES_FALSE='#'
FALLBACK_CURSES_TRUE=''
GLIB_CFLAGS=''
GLIB_CONFIG='no'
GLIB_LIBS=''
GREP='/usr/bin/grep'
GTK2CFLAGS=''
GTK2LIBS=''
GTK_CFLAGS=''
GTK_CONFIG=''
GTK_LIBS=''
HAVE_DOSISH_SYSTEM_FALSE=''
HAVE_DOSISH_SYSTEM_TRUE='#'
HAVE_W32_SYSTEM_FALSE=''
HAVE_W32_SYSTEM_TRUE='#'
INSTALL_DATA='${INSTALL} -m 644'
INSTALL_PROGRAM='${INSTALL}'
INSTALL_SCRIPT='${INSTALL}'
INSTALL_STRIP_PROGRAM='$(install_sh) -c -s'
LDFLAGS='-L/usr/local/lib -lusb -Wl,-framework -Wl,IOKit -Wl,-framework -Wl,CoreFoundation -Wl,-prebind -ltermcap'
LIBCAP=''
LIBCURSES='-lncurses'
LIBICONV='/usr/local/lib/libiconv.a'
LIBNCURSES='-lncurses'
LIBOBJS=''
LIBPTHREAD='-lpthread'
LIBS=''
LIBTERMCAP='-lncurses'
LIB_QPE=''
LN_S='ln -s'
LTLIBICONV='-L/usr/local/lib -liconv'
LTLIBOBJS=''
MAINT='#'
MAINTAINER_MODE_FALSE=''
MAINTAINER_MODE_TRUE='#'
MAKEINFO='${SHELL} /Users/benjamin/Desktop/mac-gpg-development/pinentry-mac/pinentry-0.7.4/missing --run makeinfo'
MOC='no'
NCURSES_INCLUDE='-I/usr/local/include/ncurses'
OBJEXT='o'
PACKAGE='pinentry'
PACKAGE_BUGREPORT='gnupg-devel@gnupg.org'
PACKAGE_NAME='pinentry'
PACKAGE_STRING='pinentry 0.7.4'
PACKAGE_TARNAME='pinentry'
PACKAGE_VERSION='0.7.4'
PATH_SEPARATOR=':'
PINENTRY_DEFAULT='pinentry-curses'
PKGCONFIG='no'
QTE_NORTTI=''
QT_CXXFLAGS=' -DQT_THREAD_SUPPORT  -I/usr/X11R6/include'
QT_INCLUDES=''
QT_LDFLAGS=' -L/usr/X11R6/lib'
QT_LIBS='-lqt-mt  -lSM -lICE -lXext -lX11  -lpthread'
QT_MT_LDFLAGS=''
QT_MT_LIBS='-lpthread'
QT_RPATH=' -Wl,--rpath -Wl,$(x_libraries)'
RANLIB='ranlib'
SETCAP=':'
SET_MAKE=''
SHELL='/bin/sh'
STRIP=''
USE_THREADS=''
VERSION='0.7.4'
WINDRES=':'
XMKMF=''
X_CFLAGS=' -I/usr/X11R6/include'
X_EXTRA_LIBS=''
X_LIBS=' -L/usr/X11R6/lib'
X_PRE_LIBS=' -lSM -lICE'
ac_ct_CC='gcc'
ac_ct_CXX='g++'
am__fastdepCC_FALSE=''
am__fastdepCC_TRUE='#'
am__fastdepCXX_FALSE=''
am__fastdepCXX_TRUE='#'
am__include='include'
am__isrc=''
am__leading_dot='.'
am__quote=''
am__tar='${AMTAR} chof - "$$tardir"'
am__untar='${AMTAR} xf -'
bindir='${exec_prefix}/bin'
build='powerpc-apple-darwin8.11.0'
build_alias=''
build_cpu='powerpc'
build_os='darwin8.11.0'
build_vendor='apple'
datadir='${datarootdir}'
datarootdir='${prefix}/share'
docdir='${datarootdir}/doc/${PACKAGE_TARNAME}'
dvidir='${docdir}'
exec_prefix='${prefix}'
host='powerpc-apple-darwin8.11.0'
host_alias=''
host_cpu='powerpc'
host_os='darwin8.11.0'
host_vendor='apple'
htmldir='${docdir}'
includedir='${prefix}/include'
infodir='${datarootdir}/info'
install_sh='$(SHELL) /Users/benjamin/Desktop/mac-gpg-development/pinentry-mac/pinentry-0.7.4/install-sh'
libdir='${exec_prefix}/lib'
libexecdir='${exec_prefix}/libexec'
localedir='${datarootdir}/locale'
localstatedir='${prefix}/var'
mandir='${datarootdir}/man'
mkdir_p='$(top_builddir)/./install-sh -c -d'
oldincludedir='/usr/include'
pdfdir='${docdir}'
prefix='/usr/local'
program_transform_name='s,x,x,'
psdir='${docdir}'
qt_includes=''
qt_libraries=''
sbindir='${exec_prefix}/sbin'
sharedstatedir='${prefix}/com'
sysconfdir='${prefix}/etc'
target_alias=''
x_libraries='/usr/X11R6/lib'

## ----------- ##
## confdefs.h. ##
## ----------- ##

#define PACKAGE_NAME "pinentry"
#define PACKAGE_TARNAME "pinentry"
#define PACKAGE_VERSION "0.7.4"
#define PACKAGE_STRING "pinentry 0.7.4"
#define PACKAGE_BUGREPORT "gnupg-devel@gnupg.org"
#define PACKAGE "pinentry"
#define VERSION "0.7.4"
#define _GNU_SOURCE 1
#define STDC_HEADERS 1
#define HAVE_SYS_TYPES_H 1
#define HAVE_SYS_STAT_H 1
#define HAVE_STDLIB_H 1
#define HAVE_STRING_H 1
#define HAVE_MEMORY_H 1
#define HAVE_STRINGS_H 1
#define HAVE_INTTYPES_H 1
#define HAVE_STDINT_H 1
#define HAVE_UNISTD_H 1
#define HAVE_STRING_H 1
#define HAVE_UNISTD_H 1
#define HAVE_LANGINFO_H 1
#define HAVE_LOCALE_H 1
#define HAVE_UTIME_H 1
#define HAVE_SETEUID 1
#define HAVE_STPCPY 1
#define HAVE_MMAP 1
#define HAVE_MLOCK 1
#define FALLBACK_CURSES 1
#define PINENTRY_CURSES 1
#define HAVE_ICONV 1
#define ICONV_CONST const
#define HAVE_LIBPTHREAD 1

configure: exit 0
