This file contains any messages produced by compilers while
running configure, to aid debugging if configure makes a mistake.

It was created by pinentry configure 0.7.5, which was
generated by GNU Autoconf 2.61.  Invocation command line was

  $ ./configure --with-libiconv-prefix=/usr/local

## --------- ##
## Platform. ##
## --------- ##

hostname = benjamin-donnachies-macbook-air.local
uname -m = i386
uname -r = 9.6.0
uname -s = Darwin
uname -v = Darwin Kernel Version 9.6.0: Mon Nov 24 17:37:00 PST 2008; root:xnu-1228.9.59~1/RELEASE_I386

/usr/bin/uname -p = i386
/bin/uname -X     = unknown

/bin/arch              = unknown
/usr/bin/arch -k       = unknown
/usr/convex/getsysinfo = unknown
/usr/bin/hostinfo      = Mach kernel version:
	 Darwin Kernel Version 9.6.0: Mon Nov 24 17:37:00 PST 2008; root:xnu-1228.9.59~1/RELEASE_I386
Kernel configured for up to 2 processors.
2 processors are physically available.
2 processors are logically available.
Processor type: i486 (Intel 80486)
Processors active: 0 1
Primary memory available: 2.00 gigabytes
Default processor set: 63 tasks, 273 threads, 2 processors
Load average: 1.39, Mach factor: 0.90
/bin/machine           = unknown
/usr/bin/oslevel       = unknown
/bin/universe          = unknown

PATH: /usr/bin
PATH: /bin
PATH: /usr/sbin
PATH: /sbin
PATH: /usr/local/bin
PATH: /usr/X11/bin


## ----------- ##
## Core tests. ##
## ----------- ##

configure:1912: checking for a BSD-compatible install
configure:1968: result: /usr/bin/install -c
configure:1979: checking whether build environment is sane
configure:2022: result: yes
configure:2050: checking for a thread-safe mkdir -p
configure:2089: result: ./install-sh -c -d
configure:2102: checking for gawk
configure:2132: result: no
configure:2102: checking for mawk
configure:2132: result: no
configure:2102: checking for nawk
configure:2132: result: no
configure:2102: checking for awk
configure:2118: found /usr/bin/awk
configure:2129: result: awk
configure:2140: checking whether make sets $(MAKE)
configure:2161: result: yes
configure:2357: checking whether to enable maintainer-specific portions of Makefiles
configure:2366: result: no
configure:2386: checking build system type
configure:2404: result: i386-apple-darwin9.6.0
configure:2426: checking host system type
configure:2441: result: i386-apple-darwin9.6.0
configure:2528: checking for gcc
configure:2544: found /usr/bin/gcc
configure:2555: result: gcc
configure:2793: checking for C compiler version
configure:2800: gcc --version >&5
i686-apple-darwin9-gcc-4.0.1 (GCC) 4.0.1 (Apple Inc. build 5488)
Copyright (C) 2005 Free Software Foundation, Inc.
This is free software; see the source for copying conditions.  There is NO
warranty; not even for MERCHANTABILITY or FITNESS FOR A PARTICULAR PURPOSE.

configure:2803: $? = 0
configure:2810: gcc -v >&5
Using built-in specs.
Target: i686-apple-darwin9
Configured with: /var/tmp/gcc/gcc-5488~2/src/configure --disable-checking -enable-werror --prefix=/usr --mandir=/share/man --enable-languages=c,objc,c++,obj-c++ --program-transform-name=/^[cg][^.-]*$/s/$/-4.0/ --with-gxx-include-dir=/include/c++/4.0.0 --with-slibdir=/usr/lib --build=i686-apple-darwin9 --with-arch=apple --with-tune=generic --host=i686-apple-darwin9 --target=i686-apple-darwin9
Thread model: posix
gcc version 4.0.1 (Apple Inc. build 5488)
configure:2813: $? = 0
configure:2820: gcc -V >&5
gcc-4.0: argument to `-V' is missing
configure:2823: $? = 1
configure:2846: checking for C compiler default output file name
configure:2873: gcc    conftest.c  >&5
configure:2876: $? = 0
configure:2914: result: a.out
configure:2931: checking whether the C compiler works
configure:2941: ./a.out
configure:2944: $? = 0
configure:2961: result: yes
configure:2968: checking whether we are cross compiling
configure:2970: result: no
configure:2973: checking for suffix of executables
configure:2980: gcc -o conftest    conftest.c  >&5
configure:2983: $? = 0
configure:3007: result: 
configure:3013: checking for suffix of object files
configure:3039: gcc -c   conftest.c >&5
configure:3042: $? = 0
configure:3065: result: o
configure:3069: checking whether we are using the GNU C compiler
configure:3098: gcc -c   conftest.c >&5
configure:3104: $? = 0
configure:3121: result: yes
configure:3126: checking whether gcc accepts -g
configure:3156: gcc -c -g  conftest.c >&5
configure:3162: $? = 0
configure:3261: result: yes
configure:3278: checking for gcc option to accept ISO C89
configure:3352: gcc  -c -g -O2  conftest.c >&5
configure:3358: $? = 0
configure:3381: result: none needed
configure:3410: checking for style of include used by make
configure:3438: result: GNU
configure:3463: checking dependency style of gcc
configure:3554: result: gcc3
configure:3574: checking how to run the C preprocessor
configure:3614: gcc -E  conftest.c
configure:3620: $? = 0
configure:3651: gcc -E  conftest.c
conftest.c:11:28: error: ac_nonexistent.h: No such file or directory
configure:3657: $? = 1
configure: failed program was:
| /* confdefs.h.  */
| #define PACKAGE_NAME "pinentry"
| #define PACKAGE_TARNAME "pinentry"
| #define PACKAGE_VERSION "0.7.5"
| #define PACKAGE_STRING "pinentry 0.7.5"
| #define PACKAGE_BUGREPORT "gnupg-devel@gnupg.org"
| #define PACKAGE "pinentry"
| #define VERSION "0.7.5"
| #define _GNU_SOURCE 1
| /* end confdefs.h.  */
| #include <ac_nonexistent.h>
configure:3690: result: gcc -E
configure:3719: gcc -E  conftest.c
configure:3725: $? = 0
configure:3756: gcc -E  conftest.c
conftest.c:11:28: error: ac_nonexistent.h: No such file or directory
configure:3762: $? = 1
configure: failed program was:
| /* confdefs.h.  */
| #define PACKAGE_NAME "pinentry"
| #define PACKAGE_TARNAME "pinentry"
| #define PACKAGE_VERSION "0.7.5"
| #define PACKAGE_STRING "pinentry 0.7.5"
| #define PACKAGE_BUGREPORT "gnupg-devel@gnupg.org"
| #define PACKAGE "pinentry"
| #define VERSION "0.7.5"
| #define _GNU_SOURCE 1
| /* end confdefs.h.  */
| #include <ac_nonexistent.h>
configure:3812: checking for a BSD-compatible install
configure:3868: result: /usr/bin/install -c
configure:3922: checking for ranlib
configure:3938: found /usr/bin/ranlib
configure:3949: result: ranlib
configure:4035: checking for g++
configure:4051: found /usr/bin/g++
configure:4062: result: g++
configure:4093: checking for C++ compiler version
configure:4100: g++ --version >&5
i686-apple-darwin9-g++-4.0.1 (GCC) 4.0.1 (Apple Inc. build 5488)
Copyright (C) 2005 Free Software Foundation, Inc.
This is free software; see the source for copying conditions.  There is NO
warranty; not even for MERCHANTABILITY or FITNESS FOR A PARTICULAR PURPOSE.

configure:4103: $? = 0
configure:4110: g++ -v >&5
Using built-in specs.
Target: i686-apple-darwin9
Configured with: /var/tmp/gcc/gcc-5488~2/src/configure --disable-checking -enable-werror --prefix=/usr --mandir=/share/man --enable-languages=c,objc,c++,obj-c++ --program-transform-name=/^[cg][^.-]*$/s/$/-4.0/ --with-gxx-include-dir=/include/c++/4.0.0 --with-slibdir=/usr/lib --build=i686-apple-darwin9 --with-arch=apple --with-tune=generic --host=i686-apple-darwin9 --target=i686-apple-darwin9
Thread model: posix
gcc version 4.0.1 (Apple Inc. build 5488)
configure:4113: $? = 0
configure:4120: g++ -V >&5
g++-4.0: argument to `-V' is missing
configure:4123: $? = 1
configure:4126: checking whether we are using the GNU C++ compiler
configure:4155: g++ -c   conftest.cpp >&5
configure:4161: $? = 0
configure:4178: result: yes
configure:4183: checking whether g++ accepts -g
configure:4213: g++ -c -g  conftest.cpp >&5
configure:4219: $? = 0
configure:4318: result: yes
configure:4343: checking dependency style of g++
configure:4434: result: gcc3
configure:4449: checking whether ln -s works
configure:4453: result: yes
configure:4503: checking for windres
configure:4533: result: no
configure:4633: checking if gcc supports -Wno-pointer-sign
configure:4659: gcc -c -Wno-pointer-sign  -Wall conftest.c >&5
configure:4665: $? = 0
configure:4679: result: yes
configure:4690: checking for grep that handles long lines and -e
configure:4764: result: /usr/bin/grep
configure:4769: checking for egrep
configure:4847: result: /usr/bin/grep -E
configure:4852: checking for ANSI C header files
configure:4882: gcc -c -g -O2 -Wall -Wcast-align -Wshadow -Wstrict-prototypes -Wno-pointer-sign  -Wall conftest.c >&5
conftest.c:18: warning: function declaration isn't a prototype
configure:4888: $? = 0
configure:4987: gcc -o conftest -g -O2 -Wall -Wcast-align -Wshadow -Wstrict-prototypes -Wno-pointer-sign  -Wall  conftest.c  >&5
conftest.c:24: warning: function declaration isn't a prototype
configure:4990: $? = 0
configure:4996: ./conftest
configure:4999: $? = 0
configure:5016: result: yes
configure:5040: checking for sys/types.h
configure:5061: gcc -c -g -O2 -Wall -Wcast-align -Wshadow -Wstrict-prototypes -Wno-pointer-sign  -Wall conftest.c >&5
configure:5067: $? = 0
configure:5083: result: yes
configure:5040: checking for sys/stat.h
configure:5061: gcc -c -g -O2 -Wall -Wcast-align -Wshadow -Wstrict-prototypes -Wno-pointer-sign  -Wall conftest.c >&5
configure:5067: $? = 0
configure:5083: result: yes
configure:5040: checking for stdlib.h
configure:5061: gcc -c -g -O2 -Wall -Wcast-align -Wshadow -Wstrict-prototypes -Wno-pointer-sign  -Wall conftest.c >&5
configure:5067: $? = 0
configure:5083: result: yes
configure:5040: checking for string.h
configure:5061: gcc -c -g -O2 -Wall -Wcast-align -Wshadow -Wstrict-prototypes -Wno-pointer-sign  -Wall conftest.c >&5
configure:5067: $? = 0
configure:5083: result: yes
configure:5040: checking for memory.h
configure:5061: gcc -c -g -O2 -Wall -Wcast-align -Wshadow -Wstrict-prototypes -Wno-pointer-sign  -Wall conftest.c >&5
configure:5067: $? = 0
configure:5083: result: yes
configure:5040: checking for strings.h
configure:5061: gcc -c -g -O2 -Wall -Wcast-align -Wshadow -Wstrict-prototypes -Wno-pointer-sign  -Wall conftest.c >&5
configure:5067: $? = 0
configure:5083: result: yes
configure:5040: checking for inttypes.h
configure:5061: gcc -c -g -O2 -Wall -Wcast-align -Wshadow -Wstrict-prototypes -Wno-pointer-sign  -Wall conftest.c >&5
configure:5067: $? = 0
configure:5083: result: yes
configure:5040: checking for stdint.h
configure:5061: gcc -c -g -O2 -Wall -Wcast-align -Wshadow -Wstrict-prototypes -Wno-pointer-sign  -Wall conftest.c >&5
configure:5067: $? = 0
configure:5083: result: yes
configure:5040: checking for unistd.h
configure:5061: gcc -c -g -O2 -Wall -Wcast-align -Wshadow -Wstrict-prototypes -Wno-pointer-sign  -Wall conftest.c >&5
configure:5067: $? = 0
configure:5083: result: yes
configure:5105: checking for string.h
configure:5111: result: yes
configure:5105: checking for unistd.h
configure:5111: result: yes
configure:5115: checking langinfo.h usability
configure:5132: gcc -c -g -O2 -Wall -Wcast-align -Wshadow -Wstrict-prototypes -Wno-pointer-sign  -Wall conftest.c >&5
configure:5138: $? = 0
configure:5152: result: yes
configure:5156: checking langinfo.h presence
configure:5171: gcc -E  -Wall conftest.c
configure:5177: $? = 0
configure:5191: result: yes
configure:5224: checking for langinfo.h
configure:5232: result: yes
configure:5115: checking termio.h usability
configure:5132: gcc -c -g -O2 -Wall -Wcast-align -Wshadow -Wstrict-prototypes -Wno-pointer-sign  -Wall conftest.c >&5
conftest.c:57:20: error: termio.h: No such file or directory
configure:5138: $? = 1
configure: failed program was:
| /* confdefs.h.  */
| #define PACKAGE_NAME "pinentry"
| #define PACKAGE_TARNAME "pinentry"
| #define PACKAGE_VERSION "0.7.5"
| #define PACKAGE_STRING "pinentry 0.7.5"
| #define PACKAGE_BUGREPORT "gnupg-devel@gnupg.org"
| #define PACKAGE "pinentry"
| #define VERSION "0.7.5"
| #define _GNU_SOURCE 1
| #define STDC_HEADERS 1
| #define HAVE_SYS_TYPES_H 1
| #define HAVE_SYS_STAT_H 1
| #define HAVE_STDLIB_H 1
| #define HAVE_STRING_H 1
| #define HAVE_MEMORY_H 1
| #define HAVE_STRINGS_H 1
| #define HAVE_INTTYPES_H 1
| #define HAVE_STDINT_H 1
| #define HAVE_UNISTD_H 1
| #define HAVE_STRING_H 1
| #define HAVE_UNISTD_H 1
| #define HAVE_LANGINFO_H 1
| /* end confdefs.h.  */
| #include <stdio.h>
| #ifdef HAVE_SYS_TYPES_H
| # include <sys/types.h>
| #endif
| #ifdef HAVE_SYS_STAT_H
| # include <sys/stat.h>
| #endif
| #ifdef STDC_HEADERS
| # include <stdlib.h>
| # include <stddef.h>
| #else
| # ifdef HAVE_STDLIB_H
| #  include <stdlib.h>
| # endif
| #endif
| #ifdef HAVE_STRING_H
| # if !defined STDC_HEADERS && defined HAVE_MEMORY_H
| #  include <memory.h>
| # endif
| # include <string.h>
| #endif
| #ifdef HAVE_STRINGS_H
| # include <strings.h>
| #endif
| #ifdef HAVE_INTTYPES_H
| # include <inttypes.h>
| #endif
| #ifdef HAVE_STDINT_H
| # include <stdint.h>
| #endif
| #ifdef HAVE_UNISTD_H
| # include <unistd.h>
| #endif
| #include <termio.h>
configure:5152: result: no
configure:5156: checking termio.h presence
configure:5171: gcc -E  -Wall conftest.c
conftest.c:24:20: error: termio.h: No such file or directory
configure:5177: $? = 1
configure: failed program was:
| /* confdefs.h.  */
| #define PACKAGE_NAME "pinentry"
| #define PACKAGE_TARNAME "pinentry"
| #define PACKAGE_VERSION "0.7.5"
| #define PACKAGE_STRING "pinentry 0.7.5"
| #define PACKAGE_BUGREPORT "gnupg-devel@gnupg.org"
| #define PACKAGE "pinentry"
| #define VERSION "0.7.5"
| #define _GNU_SOURCE 1
| #define STDC_HEADERS 1
| #define HAVE_SYS_TYPES_H 1
| #define HAVE_SYS_STAT_H 1
| #define HAVE_STDLIB_H 1
| #define HAVE_STRING_H 1
| #define HAVE_MEMORY_H 1
| #define HAVE_STRINGS_H 1
| #define HAVE_INTTYPES_H 1
| #define HAVE_STDINT_H 1
| #define HAVE_UNISTD_H 1
| #define HAVE_STRING_H 1
| #define HAVE_UNISTD_H 1
| #define HAVE_LANGINFO_H 1
| /* end confdefs.h.  */
| #include <termio.h>
configure:5191: result: no
configure:5224: checking for termio.h
configure:5232: result: no
configure:5115: checking locale.h usability
configure:5132: gcc -c -g -O2 -Wall -Wcast-align -Wshadow -Wstrict-prototypes -Wno-pointer-sign  -Wall conftest.c >&5
configure:5138: $? = 0
configure:5152: result: yes
configure:5156: checking locale.h presence
configure:5171: gcc -E  -Wall conftest.c
configure:5177: $? = 0
configure:5191: result: yes
configure:5224: checking for locale.h
configure:5232: result: yes
configure:5115: checking utime.h usability
configure:5132: gcc -c -g -O2 -Wall -Wcast-align -Wshadow -Wstrict-prototypes -Wno-pointer-sign  -Wall conftest.c >&5
configure:5138: $? = 0
configure:5152: result: yes
configure:5156: checking utime.h presence
configure:5171: gcc -E  -Wall conftest.c
configure:5177: $? = 0
configure:5191: result: yes
configure:5224: checking for utime.h
configure:5232: result: yes
configure:5252: checking for seteuid
configure:5308: gcc -o conftest -g -O2 -Wall -Wcast-align -Wshadow -Wstrict-prototypes -Wno-pointer-sign  -Wall  conftest.c  >&5
conftest.c:49: warning: function declaration isn't a prototype
conftest.c:59: warning: function declaration isn't a prototype
configure:5314: $? = 0
configure:5332: result: yes
configure:5252: checking for stpcpy
configure:5308: gcc -o conftest -g -O2 -Wall -Wcast-align -Wshadow -Wstrict-prototypes -Wno-pointer-sign  -Wall  conftest.c  >&5
conftest.c:50: warning: function declaration isn't a prototype
conftest.c:50: warning: conflicting types for built-in function 'stpcpy'
conftest.c:60: warning: function declaration isn't a prototype
configure:5314: $? = 0
configure:5332: result: yes
configure:5252: checking for mmap
configure:5308: gcc -o conftest -g -O2 -Wall -Wcast-align -Wshadow -Wstrict-prototypes -Wno-pointer-sign  -Wall  conftest.c  >&5
conftest.c:51: warning: function declaration isn't a prototype
conftest.c:61: warning: function declaration isn't a prototype
configure:5314: $? = 0
configure:5332: result: yes
configure:5346: checking for mlock
configure:5402: gcc -o conftest -g -O2 -Wall -Wcast-align -Wshadow -Wstrict-prototypes -Wno-pointer-sign  -Wall  conftest.c  >&5
conftest.c:52: warning: function declaration isn't a prototype
conftest.c:62: warning: function declaration isn't a prototype
configure:5408: $? = 0
configure:5426: result: yes
configure:5734: checking whether mlock is broken
configure:5783: gcc -o conftest -g -O2 -Wall -Wcast-align -Wshadow -Wstrict-prototypes -Wno-pointer-sign  -Wall  conftest.c  >&5
conftest.c:39: warning: function declaration isn't a prototype
configure:5786: $? = 0
configure:5792: ./conftest
configure:5795: $? = 0
configure:5917: result: no
configure:5929: checking for byte typedef
configure:5960: gcc -c -g -O2 -Wall -Wcast-align -Wshadow -Wstrict-prototypes -Wno-pointer-sign  -Wall conftest.c >&5
conftest.c:35: warning: function declaration isn't a prototype
conftest.c: In function 'main':
conftest.c:38: error: 'byte' undeclared (first use in this function)
conftest.c:38: error: (Each undeclared identifier is reported only once
conftest.c:38: error: for each function it appears in.)
conftest.c:38: warning: unused variable 'a'
configure:5966: $? = 1
configure: failed program was:
| /* confdefs.h.  */
| #define PACKAGE_NAME "pinentry"
| #define PACKAGE_TARNAME "pinentry"
| #define PACKAGE_VERSION "0.7.5"
| #define PACKAGE_STRING "pinentry 0.7.5"
| #define PACKAGE_BUGREPORT "gnupg-devel@gnupg.org"
| #define PACKAGE "pinentry"
| #define VERSION "0.7.5"
| #define _GNU_SOURCE 1
| #define STDC_HEADERS 1
| #define HAVE_SYS_TYPES_H 1
| #define HAVE_SYS_STAT_H 1
| #define HAVE_STDLIB_H 1
| #define HAVE_STRING_H 1
| #define HAVE_MEMORY_H 1
| #define HAVE_STRINGS_H 1
| #define HAVE_INTTYPES_H 1
| #define HAVE_STDINT_H 1
| #define HAVE_UNISTD_H 1
| #define HAVE_STRING_H 1
| #define HAVE_UNISTD_H 1
| #define HAVE_LANGINFO_H 1
| #define HAVE_LOCALE_H 1
| #define HAVE_UTIME_H 1
| #define HAVE_SETEUID 1
| #define HAVE_STPCPY 1
| #define HAVE_MMAP 1
| #define HAVE_MLOCK 1
| /* end confdefs.h.  */
| #define _GNU_SOURCE 1
|     #include <stdlib.h>
|     #include <sys/types.h>
| int
| main ()
| {
| 
|     #undef byte
|     int a = sizeof(byte);
| 
|   ;
|   return 0;
| }
configure:5982: result: no
configure:5992: checking for ulong typedef
configure:6023: gcc -c -g -O2 -Wall -Wcast-align -Wshadow -Wstrict-prototypes -Wno-pointer-sign  -Wall conftest.c >&5
conftest.c:35: warning: function declaration isn't a prototype
conftest.c: In function 'main':
conftest.c:38: error: 'ulong' undeclared (first use in this function)
conftest.c:38: error: (Each undeclared identifier is reported only once
conftest.c:38: error: for each function it appears in.)
conftest.c:38: warning: unused variable 'a'
configure:6029: $? = 1
configure: failed program was:
| /* confdefs.h.  */
| #define PACKAGE_NAME "pinentry"
| #define PACKAGE_TARNAME "pinentry"
| #define PACKAGE_VERSION "0.7.5"
| #define PACKAGE_STRING "pinentry 0.7.5"
| #define PACKAGE_BUGREPORT "gnupg-devel@gnupg.org"
| #define PACKAGE "pinentry"
| #define VERSION "0.7.5"
| #define _GNU_SOURCE 1
| #define STDC_HEADERS 1
| #define HAVE_SYS_TYPES_H 1
| #define HAVE_SYS_STAT_H 1
| #define HAVE_STDLIB_H 1
| #define HAVE_STRING_H 1
| #define HAVE_MEMORY_H 1
| #define HAVE_STRINGS_H 1
| #define HAVE_INTTYPES_H 1
| #define HAVE_STDINT_H 1
| #define HAVE_UNISTD_H 1
| #define HAVE_STRING_H 1
| #define HAVE_UNISTD_H 1
| #define HAVE_LANGINFO_H 1
| #define HAVE_LOCALE_H 1
| #define HAVE_UTIME_H 1
| #define HAVE_SETEUID 1
| #define HAVE_STPCPY 1
| #define HAVE_MMAP 1
| #define HAVE_MLOCK 1
| /* end confdefs.h.  */
| #define _GNU_SOURCE 1
|     #include <stdlib.h>
|     #include <sys/types.h>
| int
| main ()
| {
| 
|     #undef ulong
|     int a = sizeof(ulong);
| 
|   ;
|   return 0;
| }
configure:6045: result: no
configure:6066: checking for setcap
configure:6098: result: :
configure:6106: checking for cap_set_proc in -lcap
configure:6141: gcc -o conftest -g -O2 -Wall -Wcast-align -Wshadow -Wstrict-prototypes -Wno-pointer-sign  -Wall  conftest.c -lcap   >&5
conftest.c:37: warning: function declaration isn't a prototype
conftest.c:40: warning: function declaration isn't a prototype
ld: library not found for -lcap
collect2: ld returned 1 exit status
configure:6147: $? = 1
configure: failed program was:
| /* confdefs.h.  */
| #define PACKAGE_NAME "pinentry"
| #define PACKAGE_TARNAME "pinentry"
| #define PACKAGE_VERSION "0.7.5"
| #define PACKAGE_STRING "pinentry 0.7.5"
| #define PACKAGE_BUGREPORT "gnupg-devel@gnupg.org"
| #define PACKAGE "pinentry"
| #define VERSION "0.7.5"
| #define _GNU_SOURCE 1
| #define STDC_HEADERS 1
| #define HAVE_SYS_TYPES_H 1
| #define HAVE_SYS_STAT_H 1
| #define HAVE_STDLIB_H 1
| #define HAVE_STRING_H 1
| #define HAVE_MEMORY_H 1
| #define HAVE_STRINGS_H 1
| #define HAVE_INTTYPES_H 1
| #define HAVE_STDINT_H 1
| #define HAVE_UNISTD_H 1
| #define HAVE_STRING_H 1
| #define HAVE_UNISTD_H 1
| #define HAVE_LANGINFO_H 1
| #define HAVE_LOCALE_H 1
| #define HAVE_UTIME_H 1
| #define HAVE_SETEUID 1
| #define HAVE_STPCPY 1
| #define HAVE_MMAP 1
| #define HAVE_MLOCK 1
| /* end confdefs.h.  */
| 
| /* Override any GCC internal prototype to avoid an error.
|    Use char because int might match the return type of a GCC
|    builtin and then its argument prototype would still apply.  */
| #ifdef __cplusplus
| extern "C"
| #endif
| char cap_set_proc ();
| int
| main ()
| {
| return cap_set_proc ();
|   ;
|   return 0;
| }
configure:6165: result: no
configure:6206: checking for initscr in -lncurses
configure:6241: gcc -o conftest -g -O2 -Wall -Wcast-align -Wshadow -Wstrict-prototypes -Wno-pointer-sign  -Wall  conftest.c -lncurses   >&5
conftest.c:37: warning: function declaration isn't a prototype
conftest.c:40: warning: function declaration isn't a prototype
configure:6247: $? = 0
configure:6265: result: yes
configure:6292: checking for ncurses include dir
configure:6306: result: none
configure:6781: checking for glib-config
configure:6812: result: no
configure:6821: checking for GLIB - version >= 1.2.0
configure:6966: result: no
configure:7476: checking for ld used by GCC
configure:7540: result: /usr/libexec/gcc/i686-apple-darwin9/4.0.1/ld
configure:7549: checking if the linker (/usr/libexec/gcc/i686-apple-darwin9/4.0.1/ld) is GNU ld
configure:7562: result: no
configure:7569: checking for shared library run path origin
configure:7582: result: done
configure:8090: checking for iconv
configure:8122: gcc -o conftest -g -O2 -Wall -Wcast-align -Wshadow -Wstrict-prototypes -Wno-pointer-sign  -Wall  conftest.c  >&5
conftest.c:36: warning: function declaration isn't a prototype
Undefined symbols:
  "_libiconv_open", referenced from:
      _main in ccwhB4wR.o
  "_libiconv_close", referenced from:
      _main in ccwhB4wR.o
  "_libiconv", referenced from:
      _main in ccwhB4wR.o
ld: symbol(s) not found
collect2: ld returned 1 exit status
configure:8128: $? = 1
configure: failed program was:
| /* confdefs.h.  */
| #define PACKAGE_NAME "pinentry"
| #define PACKAGE_TARNAME "pinentry"
| #define PACKAGE_VERSION "0.7.5"
| #define PACKAGE_STRING "pinentry 0.7.5"
| #define PACKAGE_BUGREPORT "gnupg-devel@gnupg.org"
| #define PACKAGE "pinentry"
| #define VERSION "0.7.5"
| #define _GNU_SOURCE 1
| #define STDC_HEADERS 1
| #define HAVE_SYS_TYPES_H 1
| #define HAVE_SYS_STAT_H 1
| #define HAVE_STDLIB_H 1
| #define HAVE_STRING_H 1
| #define HAVE_MEMORY_H 1
| #define HAVE_STRINGS_H 1
| #define HAVE_INTTYPES_H 1
| #define HAVE_STDINT_H 1
| #define HAVE_UNISTD_H 1
| #define HAVE_STRING_H 1
| #define HAVE_UNISTD_H 1
| #define HAVE_LANGINFO_H 1
| #define HAVE_LOCALE_H 1
| #define HAVE_UTIME_H 1
| #define HAVE_SETEUID 1
| #define HAVE_STPCPY 1
| #define HAVE_MMAP 1
| #define HAVE_MLOCK 1
| #define FALLBACK_CURSES 1
| #define PINENTRY_CURSES 1
| /* end confdefs.h.  */
| #include <stdlib.h>
| #include <iconv.h>
| int
| main ()
| {
| iconv_t cd = iconv_open("","");
|        iconv(cd,NULL,NULL,NULL,NULL);
|        iconv_close(cd);
|   ;
|   return 0;
| }
configure:8171: gcc -o conftest -g -O2 -Wall -Wcast-align -Wshadow -Wstrict-prototypes -Wno-pointer-sign  -Wall  conftest.c  -liconv >&5
conftest.c:36: warning: function declaration isn't a prototype
configure:8177: $? = 0
configure:8198: result: yes
configure:8208: checking how to link with libiconv
configure:8210: result: -liconv
configure:8221: checking for iconv declaration
configure:8260: gcc -c -g -O2 -Wall -Wcast-align -Wshadow -Wstrict-prototypes -Wno-pointer-sign  -Wall conftest.c >&5
conftest.c:48: warning: function declaration isn't a prototype
configure:8266: $? = 0
configure:8285: result: 
         extern size_t iconv (iconv_t cd, char * *inbuf, size_t *inbytesleft, char * *outbuf, size_t *outbytesleft);
configure:8323: checking for pkg-config
configure:8354: result: no
configure:8535: checking for C++ compiler version
configure:8542: g++ --version >&5
i686-apple-darwin9-g++-4.0.1 (GCC) 4.0.1 (Apple Inc. build 5488)
Copyright (C) 2005 Free Software Foundation, Inc.
This is free software; see the source for copying conditions.  There is NO
warranty; not even for MERCHANTABILITY or FITNESS FOR A PARTICULAR PURPOSE.

configure:8545: $? = 0
configure:8552: g++ -v >&5
Using built-in specs.
Target: i686-apple-darwin9
Configured with: /var/tmp/gcc/gcc-5488~2/src/configure --disable-checking -enable-werror --prefix=/usr --mandir=/share/man --enable-languages=c,objc,c++,obj-c++ --program-transform-name=/^[cg][^.-]*$/s/$/-4.0/ --with-gxx-include-dir=/include/c++/4.0.0 --with-slibdir=/usr/lib --build=i686-apple-darwin9 --with-arch=apple --with-tune=generic --host=i686-apple-darwin9 --target=i686-apple-darwin9
Thread model: posix
gcc version 4.0.1 (Apple Inc. build 5488)
configure:8555: $? = 0
configure:8562: g++ -V >&5
g++-4.0: argument to `-V' is missing
configure:8565: $? = 1
configure:8568: checking whether we are using the GNU C++ compiler
configure:8620: result: yes
configure:8625: checking whether g++ accepts -g
configure:8760: result: yes
configure:8785: checking dependency style of g++
configure:8876: result: gcc3
configure:8893: checking whether g++ supports -fexceptions
configure:8929: g++ -o conftest -g -O2 -fexceptions  -Wall  conftest.cpp  >&5
configure:8935: $? = 0
configure:8962: result: yes
configure:9076: checking how to run the C++ preprocessor
configure:9112: g++ -E  -Wall conftest.cpp
configure:9118: $? = 0
configure:9149: g++ -E  -Wall conftest.cpp
conftest.cpp:34:28: error: ac_nonexistent.h: No such file or directory
configure:9155: $? = 1
configure: failed program was:
| /* confdefs.h.  */
| #define PACKAGE_NAME "pinentry"
| #define PACKAGE_TARNAME "pinentry"
| #define PACKAGE_VERSION "0.7.5"
| #define PACKAGE_STRING "pinentry 0.7.5"
| #define PACKAGE_BUGREPORT "gnupg-devel@gnupg.org"
| #define PACKAGE "pinentry"
| #define VERSION "0.7.5"
| #define _GNU_SOURCE 1
| #define STDC_HEADERS 1
| #define HAVE_SYS_TYPES_H 1
| #define HAVE_SYS_STAT_H 1
| #define HAVE_STDLIB_H 1
| #define HAVE_STRING_H 1
| #define HAVE_MEMORY_H 1
| #define HAVE_STRINGS_H 1
| #define HAVE_INTTYPES_H 1
| #define HAVE_STDINT_H 1
| #define HAVE_UNISTD_H 1
| #define HAVE_STRING_H 1
| #define HAVE_UNISTD_H 1
| #define HAVE_LANGINFO_H 1
| #define HAVE_LOCALE_H 1
| #define HAVE_UTIME_H 1
| #define HAVE_SETEUID 1
| #define HAVE_STPCPY 1
| #define HAVE_MMAP 1
| #define HAVE_MLOCK 1
| #define FALLBACK_CURSES 1
| #define PINENTRY_CURSES 1
| #define HAVE_ICONV 1
| #define ICONV_CONST 
| /* end confdefs.h.  */
| #include <ac_nonexistent.h>
configure:9188: result: g++ -E
configure:9217: g++ -E  -Wall conftest.cpp
configure:9223: $? = 0
configure:9254: g++ -E  -Wall conftest.cpp
conftest.cpp:34:28: error: ac_nonexistent.h: No such file or directory
configure:9260: $? = 1
configure: failed program was:
| /* confdefs.h.  */
| #define PACKAGE_NAME "pinentry"
| #define PACKAGE_TARNAME "pinentry"
| #define PACKAGE_VERSION "0.7.5"
| #define PACKAGE_STRING "pinentry 0.7.5"
| #define PACKAGE_BUGREPORT "gnupg-devel@gnupg.org"
| #define PACKAGE "pinentry"
| #define VERSION "0.7.5"
| #define _GNU_SOURCE 1
| #define STDC_HEADERS 1
| #define HAVE_SYS_TYPES_H 1
| #define HAVE_SYS_STAT_H 1
| #define HAVE_STDLIB_H 1
| #define HAVE_STRING_H 1
| #define HAVE_MEMORY_H 1
| #define HAVE_STRINGS_H 1
| #define HAVE_INTTYPES_H 1
| #define HAVE_STDINT_H 1
| #define HAVE_UNISTD_H 1
| #define HAVE_STRING_H 1
| #define HAVE_UNISTD_H 1
| #define HAVE_LANGINFO_H 1
| #define HAVE_LOCALE_H 1
| #define HAVE_UTIME_H 1
| #define HAVE_SETEUID 1
| #define HAVE_STPCPY 1
| #define HAVE_MMAP 1
| #define HAVE_MLOCK 1
| #define FALLBACK_CURSES 1
| #define PINENTRY_CURSES 1
| #define HAVE_ICONV 1
| #define ICONV_CONST 
| /* end confdefs.h.  */
| #include <ac_nonexistent.h>
configure:9318: checking for X
configure:9553: result: libraries /usr/X11/lib, headers /usr/X11/include
configure:9575: checking whether -R must be followed by a space
configure:9601: gcc -o conftest -g -O2 -Wall -Wcast-align -Wshadow -Wstrict-prototypes -Wno-pointer-sign  -Wall  conftest.c  -R/usr/X11/lib >&5
conftest.c:37: warning: function declaration isn't a prototype
configure:9607: $? = 0
configure: failed program was:
| /* confdefs.h.  */
| #define PACKAGE_NAME "pinentry"
| #define PACKAGE_TARNAME "pinentry"
| #define PACKAGE_VERSION "0.7.5"
| #define PACKAGE_STRING "pinentry 0.7.5"
| #define PACKAGE_BUGREPORT "gnupg-devel@gnupg.org"
| #define PACKAGE "pinentry"
| #define VERSION "0.7.5"
| #define _GNU_SOURCE 1
| #define STDC_HEADERS 1
| #define HAVE_SYS_TYPES_H 1
| #define HAVE_SYS_STAT_H 1
| #define HAVE_STDLIB_H 1
| #define HAVE_STRING_H 1
| #define HAVE_MEMORY_H 1
| #define HAVE_STRINGS_H 1
| #define HAVE_INTTYPES_H 1
| #define HAVE_STDINT_H 1
| #define HAVE_UNISTD_H 1
| #define HAVE_STRING_H 1
| #define HAVE_UNISTD_H 1
| #define HAVE_LANGINFO_H 1
| #define HAVE_LOCALE_H 1
| #define HAVE_UTIME_H 1
| #define HAVE_SETEUID 1
| #define HAVE_STPCPY 1
| #define HAVE_MMAP 1
| #define HAVE_MLOCK 1
| #define FALLBACK_CURSES 1
| #define PINENTRY_CURSES 1
| #define HAVE_ICONV 1
| #define ICONV_CONST 
| /* end confdefs.h.  */
| 
| int
| main ()
| {
| 
|   ;
|   return 0;
| }
configure:9642: gcc -o conftest -g -O2 -Wall -Wcast-align -Wshadow -Wstrict-prototypes -Wno-pointer-sign  -Wall  conftest.c  -R /usr/X11/lib >&5
conftest.c:37: warning: function declaration isn't a prototype
ld: in /usr/X11/lib, can't map file, errno=22
collect2: ld returned 1 exit status
configure:9648: $? = 1
configure: failed program was:
| /* confdefs.h.  */
| #define PACKAGE_NAME "pinentry"
| #define PACKAGE_TARNAME "pinentry"
| #define PACKAGE_VERSION "0.7.5"
| #define PACKAGE_STRING "pinentry 0.7.5"
| #define PACKAGE_BUGREPORT "gnupg-devel@gnupg.org"
| #define PACKAGE "pinentry"
| #define VERSION "0.7.5"
| #define _GNU_SOURCE 1
| #define STDC_HEADERS 1
| #define HAVE_SYS_TYPES_H 1
| #define HAVE_SYS_STAT_H 1
| #define HAVE_STDLIB_H 1
| #define HAVE_STRING_H 1
| #define HAVE_MEMORY_H 1
| #define HAVE_STRINGS_H 1
| #define HAVE_INTTYPES_H 1
| #define HAVE_STDINT_H 1
| #define HAVE_UNISTD_H 1
| #define HAVE_STRING_H 1
| #define HAVE_UNISTD_H 1
| #define HAVE_LANGINFO_H 1
| #define HAVE_LOCALE_H 1
| #define HAVE_UTIME_H 1
| #define HAVE_SETEUID 1
| #define HAVE_STPCPY 1
| #define HAVE_MMAP 1
| #define HAVE_MLOCK 1
| #define FALLBACK_CURSES 1
| #define PINENTRY_CURSES 1
| #define HAVE_ICONV 1
| #define ICONV_CONST 
| /* end confdefs.h.  */
| 
| int
| main ()
| {
| 
|   ;
|   return 0;
| }
configure:9661: result: neither works
configure:9714: gcc -o conftest -g -O2 -Wall -Wcast-align -Wshadow -Wstrict-prototypes -Wno-pointer-sign  -Wall  conftest.c   -L/usr/X11/lib -lX11 >&5
conftest.c:41: warning: function declaration isn't a prototype
conftest.c:44: warning: function declaration isn't a prototype
configure:9720: $? = 0
configure:9877: checking for gethostbyname
configure:9933: gcc -o conftest -g -O2 -Wall -Wcast-align -Wshadow -Wstrict-prototypes -Wno-pointer-sign  -Wall  conftest.c  >&5
conftest.c:57: warning: function declaration isn't a prototype
conftest.c:67: warning: function declaration isn't a prototype
configure:9939: $? = 0
configure:9956: result: yes
configure:10101: checking for connect
configure:10157: gcc -o conftest -g -O2 -Wall -Wcast-align -Wshadow -Wstrict-prototypes -Wno-pointer-sign  -Wall  conftest.c  >&5
conftest.c:57: warning: function declaration isn't a prototype
conftest.c:67: warning: function declaration isn't a prototype
configure:10163: $? = 0
configure:10180: result: yes
configure:10252: checking for remove
configure:10308: gcc -o conftest -g -O2 -Wall -Wcast-align -Wshadow -Wstrict-prototypes -Wno-pointer-sign  -Wall  conftest.c  >&5
conftest.c:57: warning: function declaration isn't a prototype
conftest.c:67: warning: function declaration isn't a prototype
configure:10314: $? = 0
configure:10331: result: yes
configure:10403: checking for shmat
configure:10459: gcc -o conftest -g -O2 -Wall -Wcast-align -Wshadow -Wstrict-prototypes -Wno-pointer-sign  -Wall  conftest.c  >&5
conftest.c:57: warning: function declaration isn't a prototype
conftest.c:67: warning: function declaration isn't a prototype
configure:10465: $? = 0
configure:10482: result: yes
configure:10563: checking for IceConnectionNumber in -lICE
configure:10598: gcc -o conftest -g -O2 -Wall -Wcast-align -Wshadow -Wstrict-prototypes -Wno-pointer-sign  -Wall  -L/usr/X11/lib conftest.c -lICE   >&5
conftest.c:41: warning: function declaration isn't a prototype
conftest.c:44: warning: function declaration isn't a prototype
configure:10604: $? = 0
configure:10622: result: yes
configure:10715: checking for pthread_create in -lpthread
configure:10750: gcc -o conftest -g -O2 -Wall -Wcast-align -Wshadow -Wstrict-prototypes -Wno-pointer-sign  -Wall  conftest.c -lpthread   >&5
conftest.c:41: warning: function declaration isn't a prototype
conftest.c:44: warning: function declaration isn't a prototype
configure:10756: $? = 0
configure:10774: result: yes
configure:11312: checking for Qt
configure: 11377: /usr/lib/qt3/include/qstyle.h
configure: 11377: /usr/lib/qt3/qstyle.h
configure: 11377: /usr/lib/qt/include/qstyle.h
configure: 11377: /usr/lib/qt/qstyle.h
configure: 11377: /usr/local/qt/include/qstyle.h
configure: 11377: /usr/include/qstyle.h
configure: 11377: /usr/X11R6/include/X11/qt/qstyle.h
configure: 11377: /usr/X11R6/include/qt/qstyle.h
configure: 11377: /usr/X11R6/include/qt2/qstyle.h
configure: 11377: /usr/include/qt3/qstyle.h
configure: 11377: /usr/X11/include/qstyle.h
tried NO
tried /usr/lib/qt3/lib
tried /usr/lib/qt3
tried /usr/lib/qt/lib
tried /usr/lib/qt
tried /usr/X11R6/lib
tried /usr/lib
tried /usr/local/qt/lib
tried /usr/X11/lib
configure:11484: g++ -o conftest -g -O2 -INO  -DQT_THREAD_SUPPORT  -I/usr/X11/include  -Wall  -LNONE  -L/usr/X11/lib conftest.cpp  -lqt-mt  -lSM -lICE -lXext -lX11  -lpthread >&5
conftest.cpp:2:21: error: qglobal.h: No such file or directory
conftest.cpp:3:26: error: qapplication.h: No such file or directory
conftest.cpp:4:21: error: qcursor.h: No such file or directory
conftest.cpp:5:27: error: qstylefactory.h: No such file or directory
conftest.cpp:6:34: error: private/qucomextra_p.h: No such file or directory
conftest.cpp:8:2: error: #error 1
conftest.cpp: In function 'int main()':
conftest.cpp:12: error: 'QStyleFactory' has not been declared
conftest.cpp:12: error: 'QString' has not been declared
conftest.cpp:12: error: 'null' was not declared in this scope
conftest.cpp:12: error: 'create' was not declared in this scope
conftest.cpp:13: error: 'QCursor' was not declared in this scope
conftest.cpp:13: error: expected `;' before 'c'
configure:11487: $? = 1
configure: failed program was:
#include "confdefs.h"
#include <qglobal.h>
#include <qapplication.h>
#include <qcursor.h>
#include <qstylefactory.h>
#include <private/qucomextra_p.h>
#if ! (QT_VERSION >= 301)
#error 1
#endif

int main() {
    (void)QStyleFactory::create(QString::null);
    QCursor c(Qt::WhatsThisCursor);
    return 0;
}
configure:11539: result: no
configure:11578: checking for moc
configure:11609: result: no
configure:11637: checking for rpath
configure:11659: result: yes
configure:11979: creating ./config.status

## ---------------------- ##
## Running config.status. ##
## ---------------------- ##

This file was extended by pinentry config.status 0.7.5, which was
generated by GNU Autoconf 2.61.  Invocation command line was

  CONFIG_FILES    = 
  CONFIG_HEADERS  = 
  CONFIG_LINKS    = 
  CONFIG_COMMANDS = 
  $ ./config.status 

on benjamin-donnachies-macbook-air.local

config.status:724: creating assuan/Makefile
config.status:724: creating secmem/Makefile
config.status:724: creating pinentry/Makefile
config.status:724: creating curses/Makefile
config.status:724: creating gtk/Makefile
config.status:724: creating gtk+-2/Makefile
config.status:724: creating qt/Makefile
config.status:724: creating w32/Makefile
config.status:724: creating doc/Makefile
config.status:724: creating Makefile
config.status:724: creating config.h
config.status:965: config.h is unchanged
config.status:1011: executing depfiles commands
configure:13327:
	Pinentry v0.7.5 has been configured as follows:

	Curses Pinentry: yes
	GTK+ Pinentry: no
	GTK+-2 Pinentry: no
	Qt Pinentry: no
        W32 Pinentry: no

	Fallback to Curses: yes

	Default Pinentry: pinentry-curses


## ---------------- ##
## Cache variables. ##
## ---------------- ##

ac_cv_build=i386-apple-darwin9.6.0
ac_cv_c_compiler_gnu=yes
ac_cv_cxx_compiler_gnu=yes
ac_cv_env_CCC_set=
ac_cv_env_CCC_value=
ac_cv_env_CC_set=
ac_cv_env_CC_value=
ac_cv_env_CFLAGS_set=
ac_cv_env_CFLAGS_value=
ac_cv_env_CPPFLAGS_set=
ac_cv_env_CPPFLAGS_value=
ac_cv_env_CPP_set=
ac_cv_env_CPP_value=
ac_cv_env_CXXCPP_set=
ac_cv_env_CXXCPP_value=
ac_cv_env_CXXFLAGS_set=
ac_cv_env_CXXFLAGS_value=
ac_cv_env_CXX_set=
ac_cv_env_CXX_value=
ac_cv_env_LDFLAGS_set=
ac_cv_env_LDFLAGS_value=
ac_cv_env_LIBS_set=
ac_cv_env_LIBS_value=
ac_cv_env_XMKMF_set=
ac_cv_env_XMKMF_value=
ac_cv_env_build_alias_set=
ac_cv_env_build_alias_value=
ac_cv_env_host_alias_set=
ac_cv_env_host_alias_value=
ac_cv_env_target_alias_set=
ac_cv_env_target_alias_value=
ac_cv_func_connect=yes
ac_cv_func_gethostbyname=yes
ac_cv_func_mlock=yes
ac_cv_func_mmap=yes
ac_cv_func_remove=yes
ac_cv_func_seteuid=yes
ac_cv_func_shmat=yes
ac_cv_func_stpcpy=yes
ac_cv_have_qt=have_qt=no
ac_cv_have_x='have_x=yes	ac_x_includes='\''/usr/X11/include'\''	ac_x_libraries='\''/usr/X11/lib'\'''
ac_cv_header_inttypes_h=yes
ac_cv_header_langinfo_h=yes
ac_cv_header_locale_h=yes
ac_cv_header_memory_h=yes
ac_cv_header_stdc=yes
ac_cv_header_stdint_h=yes
ac_cv_header_stdlib_h=yes
ac_cv_header_string_h=yes
ac_cv_header_strings_h=yes
ac_cv_header_sys_stat_h=yes
ac_cv_header_sys_types_h=yes
ac_cv_header_termio_h=no
ac_cv_header_unistd_h=yes
ac_cv_header_utime_h=yes
ac_cv_host=i386-apple-darwin9.6.0
ac_cv_lib_ICE_IceConnectionNumber=yes
ac_cv_lib_cap_cap_set_proc=no
ac_cv_lib_ncurses_initscr=yes
ac_cv_lib_pthread_pthread_create=yes
ac_cv_objext=o
ac_cv_path_EGREP='/usr/bin/grep -E'
ac_cv_path_GLIB_CONFIG=no
ac_cv_path_GREP=/usr/bin/grep
ac_cv_path_MOC=no
ac_cv_path_PKG_CONFIG=no
ac_cv_path_SETCAP=:
ac_cv_path_install='/usr/bin/install -c'
ac_cv_prog_AWK=awk
ac_cv_prog_CPP='gcc -E'
ac_cv_prog_CXXCPP='g++ -E'
ac_cv_prog_ac_ct_CC=gcc
ac_cv_prog_ac_ct_CXX=g++
ac_cv_prog_ac_ct_RANLIB=ranlib
ac_cv_prog_cc_c89=
ac_cv_prog_cc_g=yes
ac_cv_prog_cxx_g=yes
ac_cv_prog_make_make_set=yes
acl_cv_hardcode_direct=no
acl_cv_hardcode_libdir_flag_spec=
acl_cv_hardcode_libdir_separator=
acl_cv_hardcode_minus_L=no
acl_cv_libext=a
acl_cv_path_LD=/usr/libexec/gcc/i686-apple-darwin9/4.0.1/ld
acl_cv_prog_gnu_ld=no
acl_cv_rpath=done
acl_cv_shlibext=dylib
acl_cv_wl=-Wl,
am_cv_CC_dependencies_compiler_type=gcc3
am_cv_CXX_dependencies_compiler_type=gcc3
am_cv_func_iconv=yes
am_cv_lib_iconv=yes
am_cv_proto_iconv='extern size_t iconv (iconv_t cd, char * *inbuf, size_t *inbytesleft, char * *outbuf, size_t *outbytesleft);'
am_cv_proto_iconv_arg1=
gnupg_cv_have_broken_mlock=no
gnupg_cv_typedef_byte=no
gnupg_cv_typedef_ulong=no
inetutils_cv_includedir_ncurses=none
kde_cv_prog_cxx_fexceptions=yes

## ----------------- ##
## Output variables. ##
## ----------------- ##

ACLOCAL='${SHELL} /Volumes/Home/Desktop/MacGPG2/pinentry-mac/pinentry-current/missing --run aclocal-1.10'
AMDEPBACKSLASH='\'
AMDEP_FALSE='#'
AMDEP_TRUE=''
AMTAR='${SHELL} /Volumes/Home/Desktop/MacGPG2/pinentry-mac/pinentry-current/missing --run tar'
AUTOCONF='${SHELL} /Volumes/Home/Desktop/MacGPG2/pinentry-mac/pinentry-current/missing --run autoconf'
AUTOHEADER='${SHELL} /Volumes/Home/Desktop/MacGPG2/pinentry-mac/pinentry-current/missing --run autoheader'
AUTOMAKE='${SHELL} /Volumes/Home/Desktop/MacGPG2/pinentry-mac/pinentry-current/missing --run automake-1.10'
AWK='awk'
BUILD_LIBPINENTRY_CURSES_FALSE='#'
BUILD_LIBPINENTRY_CURSES_TRUE=''
BUILD_PINENTRY_CURSES_FALSE='#'
BUILD_PINENTRY_CURSES_TRUE=''
BUILD_PINENTRY_GTK_2_FALSE=''
BUILD_PINENTRY_GTK_2_TRUE='#'
BUILD_PINENTRY_GTK_FALSE=''
BUILD_PINENTRY_GTK_TRUE='#'
BUILD_PINENTRY_QT_FALSE=''
BUILD_PINENTRY_QT_TRUE='#'
BUILD_PINENTRY_W32_FALSE=''
BUILD_PINENTRY_W32_TRUE='#'
CC='gcc'
CCDEPMODE='depmode=gcc3'
CFLAGS='-g -O2 -Wall -Wcast-align -Wshadow -Wstrict-prototypes -Wno-pointer-sign'
CPP='gcc -E'
CPPFLAGS=' -Wall'
CXX='g++'
CXXCPP='g++ -E'
CXXDEPMODE='depmode=gcc3'
CXXFLAGS='-g -O2'
CYGPATH_W='echo'
DEFS='-DHAVE_CONFIG_H'
DEPDIR='.deps'
ECHO_C='ECHO_N=''
ECHO_T=''
EGREP='/usr/bin/grep -E'
EXEEXT=''
FALLBACK_CURSES_FALSE='#'
FALLBACK_CURSES_TRUE=''
GLIB_CFLAGS=''
GLIB_CONFIG='no'
GLIB_LIBS=''
GREP='/usr/bin/grep'
GTK2CFLAGS=''
GTK2LIBS=''
GTK_CFLAGS=''
GTK_CONFIG=''
GTK_LIBS=''
HAVE_DOSISH_SYSTEM_FALSE=''
HAVE_DOSISH_SYSTEM_TRUE='#'
HAVE_W32_SYSTEM_FALSE=''
HAVE_W32_SYSTEM_TRUE='#'
INSTALL_DATA='${INSTALL} -m 644'
INSTALL_PROGRAM='${INSTALL}'
INSTALL_SCRIPT='${INSTALL}'
INSTALL_STRIP_PROGRAM='$(install_sh) -c -s'
LDFLAGS=''
LIBCAP=''
LIBCURSES='-lncurses'
LIBICONV='-liconv'
LIBNCURSES='-lncurses'
LIBOBJS=''
LIBPTHREAD='-lpthread'
LIBS=''
LIBTERMCAP='-lncurses'
LIB_QPE=''
LN_S='ln -s'
LTLIBICONV='-liconv'
LTLIBOBJS=''
MAINT='#'
MAINTAINER_MODE_FALSE=''
MAINTAINER_MODE_TRUE='#'
MAKEINFO='${SHELL} /Volumes/Home/Desktop/MacGPG2/pinentry-mac/pinentry-current/missing --run makeinfo'
MOC='no'
NCURSES_INCLUDE=''
OBJEXT='o'
PACKAGE='pinentry'
PACKAGE_BUGREPORT='gnupg-devel@gnupg.org'
PACKAGE_NAME='pinentry'
PACKAGE_STRING='pinentry 0.7.5'
PACKAGE_TARNAME='pinentry'
PACKAGE_VERSION='0.7.5'
PATH_SEPARATOR=':'
PINENTRY_DEFAULT='pinentry-curses'
PKG_CONFIG='no'
QTE_NORTTI=''
QT_CXXFLAGS=' -DQT_THREAD_SUPPORT  -I/usr/X11/include'
QT_INCLUDES=''
QT_LDFLAGS=' -L/usr/X11/lib'
QT_LIBS='-lqt-mt  -lSM -lICE -lXext -lX11  -lpthread'
QT_MT_LDFLAGS=''
QT_MT_LIBS='-lpthread'
QT_RPATH=' -Wl,--rpath -Wl,$(x_libraries)'
RANLIB='ranlib'
SETCAP=':'
SET_MAKE=''
SHELL='/bin/sh'
STRIP=''
USE_THREADS=''
VERSION='0.7.5'
WINDRES=':'
XMKMF=''
X_CFLAGS=' -I/usr/X11/include'
X_EXTRA_LIBS=''
X_LIBS=' -L/usr/X11/lib'
X_PRE_LIBS=' -lSM -lICE'
ac_ct_CC='gcc'
ac_ct_CXX='g++'
am__fastdepCC_FALSE='#'
am__fastdepCC_TRUE=''
am__fastdepCXX_FALSE='#'
am__fastdepCXX_TRUE=''
am__include='include'
am__isrc=''
am__leading_dot='.'
am__quote=''
am__tar='${AMTAR} chof - "$$tardir"'
am__untar='${AMTAR} xf -'
bindir='${exec_prefix}/bin'
build='i386-apple-darwin9.6.0'
build_alias=''
build_cpu='i386'
build_os='darwin9.6.0'
build_vendor='apple'
datadir='${datarootdir}'
datarootdir='${prefix}/share'
docdir='${datarootdir}/doc/${PACKAGE_TARNAME}'
dvidir='${docdir}'
exec_prefix='${prefix}'
host='i386-apple-darwin9.6.0'
host_alias=''
host_cpu='i386'
host_os='darwin9.6.0'
host_vendor='apple'
htmldir='${docdir}'
includedir='${prefix}/include'
infodir='${datarootdir}/info'
install_sh='$(SHELL) /Volumes/Home/Desktop/MacGPG2/pinentry-mac/pinentry-current/install-sh'
libdir='${exec_prefix}/lib'
libexecdir='${exec_prefix}/libexec'
localedir='${datarootdir}/locale'
localstatedir='${prefix}/var'
mandir='${datarootdir}/man'
mkdir_p='$(top_builddir)/./install-sh -c -d'
oldincludedir='/usr/include'
pdfdir='${docdir}'
prefix='/usr/local'
program_transform_name='s,x,x,'
psdir='${docdir}'
qt_includes=''
qt_libraries=''
sbindir='${exec_prefix}/sbin'
sharedstatedir='${prefix}/com'
sysconfdir='${prefix}/etc'
target_alias=''
x_libraries='/usr/X11/lib'

## ----------- ##
## confdefs.h. ##
## ----------- ##

#define PACKAGE_NAME "pinentry"
#define PACKAGE_TARNAME "pinentry"
#define PACKAGE_VERSION "0.7.5"
#define PACKAGE_STRING "pinentry 0.7.5"
#define PACKAGE_BUGREPORT "gnupg-devel@gnupg.org"
#define PACKAGE "pinentry"
#define VERSION "0.7.5"
#define _GNU_SOURCE 1
#define STDC_HEADERS 1
#define HAVE_SYS_TYPES_H 1
#define HAVE_SYS_STAT_H 1
#define HAVE_STDLIB_H 1
#define HAVE_STRING_H 1
#define HAVE_MEMORY_H 1
#define HAVE_STRINGS_H 1
#define HAVE_INTTYPES_H 1
#define HAVE_STDINT_H 1
#define HAVE_UNISTD_H 1
#define HAVE_STRING_H 1
#define HAVE_UNISTD_H 1
#define HAVE_LANGINFO_H 1
#define HAVE_LOCALE_H 1
#define HAVE_UTIME_H 1
#define HAVE_SETEUID 1
#define HAVE_STPCPY 1
#define HAVE_MMAP 1
#define HAVE_MLOCK 1
#define FALLBACK_CURSES 1
#define PINENTRY_CURSES 1
#define HAVE_ICONV 1
#define ICONV_CONST 
#define HAVE_LIBPTHREAD 1

configure: exit 0
